Number of Playlists: 1000
Number of tracks: 67503
Number of unique train tracks: 34073
Number of unique test tracks: 959
Number of new test tracks: 370
Number of test playlists: 1000
Number of test playlists: 629
0 & 405
0 - "spotify:track:4Y45aqo9QMa57rDsAJv40A" -> 1.0/198.0
1 - "spotify:track:1AhDOtG9vPSOmsWgNW0BEY" -> 74.0/127.0
4 - "spotify:track:6qspW4YKycviDFjHBOaqUY" -> 1.0/52.0
5 - "spotify:track:6ebkx7Q5tTxrCxKq4GYj0Y" -> 28.0/212.0
6 - "spotify:track:4SDywo3ykB2PEthjXvo1UP" -> 0.0/40.0
7 - "spotify:track:03WuFsWpkytZ6c5iidS8Im" -> 2.0/80.0
8 - "spotify:track:0MKqeOVdZcUFGJvWpGCKbG" -> 17.0/68.0
9 - "spotify:track:1vBpwxsLVwaR4evBIaFmqD" -> 2.0/34.0
803 - "spotify:track:03fT3OHB9KyMtGMt2zwqCT" -> 382.0/680.0
804 - "spotify:track:5UvR3VWxfVVKMgGrD3XZVj" -> 1.0/308.0
805 - "spotify:track:1OAiWI2oPmglaOiv9fdioU" -> 5.0/70.0
807 - "spotify:track:6YbhspuOar1D9WSSnfe7ds" -> 60.0/241.0
808 - "spotify:track:1FaHPLv48VjsTkPCQOH7bv" -> 113.0/218.0
809 - "spotify:track:2j79NtwxoWDmkiH4MGwdLq" -> 15.0/41.0
810 - "spotify:track:5Z3GHaZ6ec9bsiI5BenrbY" -> 29.0/49.0
811 - "spotify:track:4hIPVoHpk0pICSvbfl8hb7" -> 2.0/266.0
812 - "spotify:track:75vEuMA15pb8JmgrGugHEs" -> 62.0/235.0
813 - "spotify:track:0CokSRCu5hZgPxcZBaEzVE" -> 53.0/137.0
815 - "spotify:track:1SSmCRKVovLanPi3mx3pVe" -> 5.0/450.0
819 - "spotify:track:3pndPhlQWjuSoXhcIIdBjv" -> 32.0/95.0
821 - "spotify:track:5knuzwU65gJK7IF5yJsuaW" -> 7.0/85.0
822 - "spotify:track:6KQEXfAdNQ85TabNo6mNIk" -> 93.0/609.0
825 - "spotify:track:2q6j0nlwgKlYy7xgrria4S" -> 52.0/384.0
828 - "spotify:track:1uXbwHHfgsXcUKfSZw5ZJ0" -> 20.0/117.0
829 - "spotify:track:5CQ30WqJwcep0pYcV4AMNc" -> 33.0/91.0
830 - "spotify:track:0VgkVdmE4gld66l8iyGjgx" -> 119.0/171.0
831 - "spotify:track:1OAh8uOEOvTDqkKFsKksCi" -> 120.0/313.0
833 - "spotify:track:3mSAhPW73pyeKoquI7E8B3" -> 33.0/222.0
834 - "spotify:track:5VIfacsWytkcgr7aTt8Tql" -> 43.0/72.0
835 - "spotify:track:4l62h4tiuUwn7eD6hxMlVQ" -> 2.0/930.0
836 - "spotify:track:4knL4iPxPOZjQzTUlELGSY" -> 61.0/192.0
837 - "spotify:track:6Zf4AMWgnUDobtAixiIqnZ" -> 0.0/47.0
838 - "spotify:track:1aKu5iEmr5fwgkAa2TI4qD" -> 2.0/134.0
839 - "spotify:track:6FE2iI43OZnszFLuLtvvmg" -> 43.0/318.0
840 - "spotify:track:0VYhxVxH9ijmdHUKsON9Bk" -> 73.0/509.0
600 - "spotify:track:4b4KcovePX8Ke2cLIQTLM0" -> 240.0/557.0
842 - "spotify:track:6aVmwG7MnSN4tdDEZ6RDQp" -> 36.0/237.0
601 - "spotify:track:5Mw9bXG1dLNhbjofkVS2oR" -> 0.0/72.0
602 - "spotify:track:1C0pmryC2MdXfa7MZ9uIrU" -> 6.0/122.0
603 - "spotify:track:5rqfg8Hz5D1aCcn2XUxzNA" -> 1.0/169.0
846 - "spotify:track:51NFxnQvaosfDDutk0tams" -> 41.0/46.0
605 - "spotify:track:4a17WC0Cf5hSKFD6ts57mk" -> 4.0/425.0
847 - "spotify:track:56AecW9Anb0CY6HpgWvcg9" -> 227.0/288.0
606 - "spotify:track:4G9eIyEcVwLoG7kYNFpSII" -> 114.0/324.0
849 - "spotify:track:4YMQXzscifAREG0a7KNGhB" -> 0.0/167.0
608 - "spotify:track:3V0W5CfNDMiTKg93wuLFxJ" -> 0.0/148.0
609 - "spotify:track:4ebcE2SmkG7nplvzFAWRu7" -> 6.0/215.0
850 - "spotify:track:5NQbUaeTEOGdD6hHcre0dZ" -> 89.0/174.0
610 - "spotify:track:4sj8qFcEDnRPNv3tBbUVUf" -> 1.0/137.0
852 - "spotify:track:6NYwDP2ljERMENJERvjAOD" -> 4.0/115.0
611 - "spotify:track:4eH47ofIZbrbKwmLJSu5hb" -> 1.0/165.0
612 - "spotify:track:0bXFIF7iL17TYLyx8JHziM" -> 56.0/462.0
854 - "spotify:track:4rqR0yM2k41leqyErhNzTs" -> 61.0/378.0
613 - "spotify:track:6n1zT8W5EaIYvWIT2DyROL" -> 1.0/58.0
856 - "spotify:track:0azC730Exh71aQlOt9Zj3y" -> 60.0/109.0
616 - "spotify:track:4WC72P8F0CnYmqoPYQ7JDD" -> 5.0/370.0
858 - "spotify:track:2NVt7fxr5GsqTkGwYXcNTE" -> 60.0/314.0
859 - "spotify:track:59tg0OPhiHlbsVZ9GFqUk5" -> 4.0/257.0
619 - "spotify:track:7DD7eSuYSC5xk2ArU62esN" -> 1.0/40.0
860 - "spotify:track:2Swpr4UiCfYUl1wbxrduBs" -> 0.0/57.0
861 - "spotify:track:1aOIW5GzlVx0B8lX2foIFg" -> 7.0/143.0
620 - "spotify:track:3DXncPQOG4VBw3QHh3S817" -> 107.0/237.0
621 - "spotify:track:2SIdGJTWirTxRNEyCp9ocI" -> 25.0/283.0
863 - "spotify:track:2ZyuwVvV6Z3XJaXIFbspeE" -> 11.0/80.0
623 - "spotify:track:2HXixVqzzm9rEUIMAWzshl" -> 3.0/222.0
625 - "spotify:track:4sebUbjqbcgDSwG6PbSGI0" -> 23.0/224.0
868 - "spotify:track:12REd1n8PeiHHWOh066tpr" -> 11.0/40.0
627 - "spotify:track:0vaf64cpnqM7COUZZkoBig" -> 13.0/83.0
628 - "spotify:track:3uhBIQ7tv8j1FME8cFGEfG" -> 18.0/65.0
870 - "spotify:track:6wWphSJNz9GiKWb6EcealX" -> 2.0/101.0
630 - "spotify:track:7BSMSvK0WxrDeI98bswYa8" -> 2.0/114.0
872 - "spotify:track:2TfSHkHiFO4gRztVIkggkE" -> 11.0/100.0
873 - "spotify:track:6sDQ4uiWw9OdVrCXFLSlZt" -> 62.0/96.0
632 - "spotify:track:4qxCDr5DquZsfaK7lvnY9G" -> 0.0/114.0
633 - "spotify:track:6ckN5YsUElYHQWwwUudJpL" -> 28.0/736.0
634 - "spotify:track:1wo3UYTeizJHkwYIuLuBPF" -> 74.0/228.0
635 - "spotify:track:6olKv2HP3XgBpvVxAswowe" -> 9.0/352.0
877 - "spotify:track:0h1UKhueXm1YFLpQjzwv0E" -> 2.0/140.0
636 - "spotify:track:07VBqWH6NG8L2ad3l84UKk" -> 4.0/98.0
878 - "spotify:track:18i9mG58WcAWiRP68DYanN" -> 2.0/17.0
637 - "spotify:track:2VNfJpwdEQBLyXajaa6LWT" -> 4.0/628.0
638 - "spotify:track:5D8Uht0XrBMINxQ5v1xCJP" -> 0.0/32.0
639 - "spotify:track:3xXWwHvOIFKvYjSeAZa57l" -> 2.0/122.0
880 - "spotify:track:5OiLJ8tjUPFiPX2gVM8fxJ" -> 6.0/72.0
640 - "spotify:track:0M7mWKqwTIaVjYyxfZmtTa" -> 29.0/93.0
882 - "spotify:track:2dBA6iMhxf29tkaHjiQzuq" -> 0.0/21.0
883 - "spotify:track:2Nz6aF1umHh5Et6I5H581L" -> 110.0/263.0
400 - "spotify:track:6arLnfArtdWKOcCYzDd4rS" -> 2.0/69.0
642 - "spotify:track:6GnhWMhgJb7uyiiPEiEkDA" -> 115.0/731.0
401 - "spotify:track:5wuXWTCiKIlNEXfwAuTY1G" -> 14.0/317.0
643 - "spotify:track:54Eo3yEOIsqcR9vzNVmvay" -> 22.0/284.0
885 - "spotify:track:7fOg3KruykFSiwq54sKunB" -> 1.0/69.0
644 - "spotify:track:2gbCG4Rt9984UZ7Tc0dIFd" -> 9.0/44.0
886 - "spotify:track:6eT7xZZlB2mwyzJ2sUKG6w" -> 253.0/612.0
403 - "spotify:track:1DRW9bQzt2SE8f7H4KJZyL" -> 8.0/943.0
887 - "spotify:track:2Wb9ejnmy27DUTUe9YF5Ew" -> 9.0/117.0
646 - "spotify:track:2ACOWPLUe4A4KuQ5ioD2od" -> 2.0/106.0
888 - "spotify:track:72WZtWs6V7uu3aMgMmEkYe" -> 11.0/109.0
649 - "spotify:track:5KQDGl3vAkNGyfvSbaW89E" -> 7.0/177.0
409 - "spotify:track:2IUylG1WDsYWbMwH3HKuQo" -> 13.0/87.0
650 - "spotify:track:4Sfa7hdVkqlM8UW5LsSY3F" -> 8.0/94.0
892 - "spotify:track:4aWn4NHlELpOehxsBaQeoe" -> 13.0/42.0
651 - "spotify:track:4NpDZPwSXmL0cCTaJuVrCw" -> 23.0/198.0
893 - "spotify:track:7aVQ0taICJBg5uscNK1KMN" -> 94.0/361.0
652 - "spotify:track:0fHZirprNSLEc1OLs1OiwL" -> 7.0/58.0
894 - "spotify:track:0XyeD5XgusMHQlEVlUfxSn" -> 0.0/132.0
411 - "spotify:track:2ZNowcE7ehJYEkChoRjSx0" -> 22.0/736.0
895 - "spotify:track:36UVZPoK8a1Oxh13cY8kOp" -> 27.0/251.0
412 - "spotify:track:2Moa5MbVbUNISjmpYqm0DO" -> 61.0/594.0
654 - "spotify:track:29U7stRjqHU6rMiS8BfaI9" -> 5.0/193.0
896 - "spotify:track:2HmMklpgK8vGCpJmPpz1yG" -> 126.0/445.0
413 - "spotify:track:6g1NlCpW7fgqDnWbCCDrHl" -> 13.0/73.0
897 - "spotify:track:6KQEXfAdNQ85TabNo6mNIk" -> 8.0/102.0
414 - "spotify:track:5lDriBxJd22IhOH9zTcFrV" -> 20.0/59.0
656 - "spotify:track:6EpRaXYhGOB3fj4V2uDkMJ" -> 17.0/219.0
415 - "spotify:track:7wMq5n8mYSKlQIGECKUgTX" -> 7.0/39.0
899 - "spotify:track:7129iqBafaphfc3WPCGC0L" -> 20.0/84.0
658 - "spotify:track:1G391cbiT3v3Cywg8T7DM1" -> 37.0/136.0
659 - "spotify:track:0ADG9OgdVTL7fgREP75BrZ" -> 27.0/308.0
661 - "spotify:track:17Fd6Yb7mSbinKG8LoWfFl" -> 83.0/224.0
421 - "spotify:track:1qRA5BS78u3gME0loMl9AA" -> 7.0/31.0
663 - "spotify:track:4kflIGfjdZJW4ot2ioixTB" -> 46.0/209.0
422 - "spotify:track:5Ufv8Cu0pVxFNesgDJNnty" -> 4.0/177.0
664 - "spotify:track:3lSDIJ2abCrOdDJ6pshUap" -> 7.0/98.0
423 - "spotify:track:1tdc73ozehKPyRWRKs0lja" -> 10.0/77.0
665 - "spotify:track:6m9qPYXmhge2QhBLfFKnVF" -> 5.0/79.0
666 - "spotify:track:683b4ikwa62JevCjwrmfg6" -> 1.0/57.0
667 - "spotify:track:1npqP0Epwvvc1jzudkkmVB" -> 53.0/54.0
426 - "spotify:track:1mXVgsBdtIVeCLJnSnmtdV" -> 30.0/257.0
668 - "spotify:track:1lzr43nnXAijIGYnCT8M8H" -> 16.0/52.0
427 - "spotify:track:2CAK2t1reUgPK6OMgAMURB" -> 79.0/346.0
669 - "spotify:track:7vGuf3Y35N4wmASOKLUVVU" -> 59.0/163.0
428 - "spotify:track:1Tt4sE4pXi57mTD1GCzsqm" -> 119.0/314.0
670 - "spotify:track:6TlRNJaezOdzdECnQeRuMM" -> 16.0/153.0
430 - "spotify:track:26RykSLUNpC2BymCxJgvTn" -> 23.0/53.0
672 - "spotify:track:71dvxqSL0JT3J4Uv2WdPJx" -> 2.0/112.0
431 - "spotify:track:6Gn02ZC8juXwQ10Xk7ACXx" -> 32.0/226.0
673 - "spotify:track:1V3eyBz3pfkn9lBOlfle4x" -> 0.0/256.0
432 - "spotify:track:48q0vSHcJdhK3IiXH8C5WJ" -> 14.0/111.0
433 - "spotify:track:5AcOdoDOQOKtPlAM1FqBO8" -> 1.0/68.0
434 - "spotify:track:4LoMziEaxdkrSMXtavIJqL" -> 10.0/351.0
676 - "spotify:track:1HDaPtZuixue2q6VGNRdVO" -> 24.0/289.0
435 - "spotify:track:4jGEOzd4KKiXmkks3YKvhl" -> 0.0/96.0
677 - "spotify:track:41yIvlFgvGwxq8qTqAR7eG" -> 43.0/100.0
436 - "spotify:track:5o8OdhjVZSF2wCj7M8UpMN" -> 4.0/203.0
678 - "spotify:track:1r3myKmjWoOqRip99CmSj1" -> 1.0/49.0
439 - "spotify:track:5qkWTBmDmZjogwIvbKtJQv" -> 63.0/439.0
681 - "spotify:track:4sebUbjqbcgDSwG6PbSGI0" -> 3.0/45.0
440 - "spotify:track:4AewKenHXKBt643p473xCk" -> 2.0/30.0
682 - "spotify:track:17Fd6Yb7mSbinKG8LoWfFl" -> 222.0/463.0
441 - "spotify:track:6jAyMqsMuu7NTmefJVE8Pc" -> 3.0/268.0
683 - "spotify:track:5IZc3KIVFhjzJ0L2kiXzUl" -> 118.0/848.0
200 - "spotify:track:3lBRNqXjPp2j3JMTCXDTNO" -> 3.0/30.0
442 - "spotify:track:0hdiDzQu1FsfaYM1NIL8ma" -> 59.0/422.0
202 - "spotify:track:6bWD65sXguqUE4AaiEXqlw" -> 19.0/111.0
444 - "spotify:track:0uMUvbkTdjBNZ5UuHZ5PIj" -> 29.0/63.0
203 - "spotify:track:0xrdZMsJIaxoTHAB4bvGnu" -> 2.0/94.0
687 - "spotify:track:7k9iVpyeR5ybSPSkvmAP6K" -> 3.0/288.0
446 - "spotify:track:3b0EOvScbZUc0qJx0E1L2z" -> 71.0/192.0
688 - "spotify:track:2hKdd3qO7cWr2Jo0Bcs0MA" -> 51.0/142.0
205 - "spotify:track:2LEF1A8DOZ9wRYikWgVlZ8" -> 4.0/121.0
689 - "spotify:track:4VrWlk8IQxevMvERoX08iC" -> 84.0/397.0
206 - "spotify:track:7yHEDfrJNd0zWOfXwydNH0" -> 8.0/53.0
207 - "spotify:track:5hMxgvMmI99alD8JJpjO0w" -> 0.0/226.0
449 - "spotify:track:56Eh85ELaB7AkBI9QWbBZT" -> 3.0/37.0
208 - "spotify:track:5fcRaiktOXuGauXlTfumSY" -> 22.0/114.0
209 - "spotify:track:7129iqBafaphfc3WPCGC0L" -> 26.0/138.0
690 - "spotify:track:7AclP0W2jy6yrbvBiC4prQ" -> 76.0/141.0
450 - "spotify:track:0dQQWHlXvuw4UyHcAvhfhB" -> 31.0/224.0
692 - "spotify:track:52Bg6oaos7twR7IUtEpqcE" -> 0.0/25.0
693 - "spotify:track:29dFba81jUZVu8oqcYPmtr" -> 2.0/236.0
210 - "spotify:track:4yrvnhXDys0DTs2yTqpLBJ" -> 1.0/202.0
452 - "spotify:track:3ZAMtgYJFoHwJjFkhkXqKr" -> 87.0/424.0
694 - "spotify:track:1MqGKtY9L5qjPi8s7gX645" -> 4.0/534.0
211 - "spotify:track:3CpoeW0cZSDzIRv5z34F87" -> 31.0/248.0
454 - "spotify:track:1Ser4X0TKttOvo8bgdytTP" -> 145.0/710.0
696 - "spotify:track:3SVAN3BRByDmHOhKyIDxfC" -> 0.0/84.0
213 - "spotify:track:0YlUnqnC63U8hRGOkDDHie" -> 2.0/48.0
455 - "spotify:track:3SJv9Gmnq6VXM9xNITfIw1" -> 5.0/150.0
214 - "spotify:track:2GiJYvgVaD2HtM8GqD9EgQ" -> 76.0/550.0
698 - "spotify:track:22ML0MuFKfw16WejbxsLOy" -> 1.0/76.0
215 - "spotify:track:7fYbFYt7X4FZvuJJC90EX0" -> 14.0/107.0
699 - "spotify:track:6FLwmdmW77N1Pxb1aWsZmO" -> 1.0/308.0
458 - "spotify:track:4r0GVpjSsKSR1biv4fOoa5" -> 7.0/222.0
460 - "spotify:track:4zzzZ1UNfr75ASG1lUE9L1" -> 13.0/184.0
461 - "spotify:track:6JLcz9UGiVxAmEZXlCucn5" -> 7.0/38.0
220 - "spotify:track:5z46NBsndcpz5sdywfdqul" -> 13.0/97.0
462 - "spotify:track:3nVDOYBJpdCkRR6r1DbZum" -> 7.0/289.0
463 - "spotify:track:4pV1bl7OiFW4mMNLmsgQGC" -> 10.0/58.0
222 - "spotify:track:5VJjhHyG8NZ5xdgG6uTb3P" -> 1.0/49.0
464 - "spotify:track:042x9bsUBWW2fJgJ6fUh61" -> 3.0/75.0
223 - "spotify:track:0wzABO1igQsSy8cQ7dIeHK" -> 35.0/274.0
224 - "spotify:track:2s4BsyV3KhhrtsdtNfzoqb" -> 0.0/239.0
225 - "spotify:track:1Y4ZdPOOgCUhBcKZOrUFiS" -> 50.0/320.0
468 - "spotify:track:1XjwrW3JufY1GcGPWLx3OV" -> 9.0/237.0
227 - "spotify:track:2djY65hifu2a4R2WqcXqKL" -> 0.0/312.0
469 - "spotify:track:4BdGO1CaObRD4La9l5Zanz" -> 5.0/89.0
228 - "spotify:track:4oUr6mgNSjQjyGs8kbXzU5" -> 15.0/335.0
470 - "spotify:track:0lOi6nt1QpadU7mGdSCSZ2" -> 10.0/226.0
471 - "spotify:track:40yJGQyEaBbIkXpwMFkXip" -> 251.0/645.0
230 - "spotify:track:4r8hRPbidDIoDPphxi78aY" -> 2.0/51.0
233 - "spotify:track:6NiXAdF2005XfIrbJ2JCN9" -> 0.0/36.0
475 - "spotify:track:7H8fBamGUheu0DSpp3pj03" -> 7.0/236.0
234 - "spotify:track:1eL8wZKx7CVJVbZG12becL" -> 10.0/154.0
476 - "spotify:track:11bD1JtSjlIgKgZG2134DZ" -> 21.0/136.0
235 - "spotify:track:4WdopfTdSd0nCLropjhsgH" -> 3.0/80.0
236 - "spotify:track:6Qyc6fS4DsZjB2mRW9DsQs" -> 38.0/140.0
478 - "spotify:track:7yHEDfrJNd0zWOfXwydNH0" -> 20.0/204.0
237 - "spotify:track:2zvot9pY2FNl1E94kc4K8M" -> 95.0/313.0
479 - "spotify:track:5JgNsYcjcSk4bYiZjYE7tL" -> 31.0/183.0
483 - "spotify:track:5Mtt6tZSZA9cXTHGSGpyh0" -> 7.0/448.0
484 - "spotify:track:4JIo8RztBbELr2gWJ5OGK6" -> 2.0/129.0
243 - "spotify:track:01UYpHuzHi4eB9PAbDoPY2" -> 17.0/326.0
485 - "spotify:track:0QqHsY5aaUoZdoBF4ebe15" -> 3.0/125.0
244 - "spotify:track:0nCU6JTonBdrIKpxErujKu" -> 23.0/139.0
245 - "spotify:track:1Je1IMUlBXcx1Fz0WE7oPT" -> 42.0/134.0
487 - "spotify:track:6DNtNfH8hXkqOX1sjqmI7p" -> 143.0/239.0
246 - "spotify:track:2ihCaVdNZmnHZWt0fvAM7B" -> 2.0/109.0
488 - "spotify:track:4tHqQMWSqmL6YjXwsqthDI" -> 30.0/93.0
247 - "spotify:track:6IcrwGdIvRsrImOnoYfG9Z" -> 13.0/54.0
489 - "spotify:track:5j9iuo3tMmQIfnEEQOOjxh" -> 21.0/185.0
249 - "spotify:track:6mVD1SfTvlFAPVi7txFL5H" -> 4.0/48.0
490 - "spotify:track:235yGFHw30yUPg1qdJFzRI" -> 6.0/37.0
250 - "spotify:track:7aXuop4Qambx5Oi3ynsKQr" -> 12.0/65.0
492 - "spotify:track:6sDQ4uiWw9OdVrCXFLSlZt" -> 56.0/122.0
493 - "spotify:track:0EYOdF5FCkgOJJla8DI2Md" -> 3.0/67.0
252 - "spotify:track:1tpLxOKuAaRCViAxf2pgNr" -> 80.0/251.0
494 - "spotify:track:02WacdrRpm4zlP8H7X6bnQ" -> 0.0/56.0
253 - "spotify:track:18uWq4KeR9YEFMUyQhtneT" -> 17.0/388.0
495 - "spotify:track:5hTpBe8h35rJ67eAWHQsJx" -> 134.0/168.0
254 - "spotify:track:27L8sESb3KR79asDUBu8nW" -> 11.0/63.0
496 - "spotify:track:2BY7ALEWdloFHgQZG6VMLA" -> 17.0/93.0
256 - "spotify:track:09zDgbs5NQH1kKFXHppYhr" -> 4.0/130.0
498 - "spotify:track:3sRqWnnFdsnWxdLlr0hOUM" -> 2.0/92.0
257 - "spotify:track:1uf3N8VLDUMcPGtaBPz08t" -> 8.0/141.0
499 - "spotify:track:4t7sDpxqkUdcYHA32s9XjQ" -> 25.0/208.0
258 - "spotify:track:6iWs0J0CnadMMbxLQtZrCG" -> 8.0/55.0
260 - "spotify:track:0nCU6JTonBdrIKpxErujKu" -> 31.0/121.0
261 - "spotify:track:4tCtwWceOPWzenK2HAIJSb" -> 67.0/141.0
262 - "spotify:track:2eJ8ij1T3cNUKiGdcUvKhy" -> 259.0/495.0
265 - "spotify:track:06FCvd7rrRcF3DdvWH5Isp" -> 13.0/240.0
266 - "spotify:track:2hE5Lm5XOHR4t3xlhIFauP" -> 29.0/68.0
267 - "spotify:track:2YlZnw2ikdb837oKMKjBkW" -> 14.0/148.0
268 - "spotify:track:4whYDpJ5XVQpmvecbEHP5Q" -> 13.0/153.0
272 - "spotify:track:0ktV2JoOsoTGURzKaZnjJL" -> 1.0/40.0
273 - "spotify:track:1bdXMstfxFWYSkEFTnJMoN" -> 3.0/49.0
274 - "spotify:track:7uHO4AmKtyGa5v5fsElGoC" -> 4.0/187.0
276 - "spotify:track:7qqOmEfeTPgjBsm1Qm98eg" -> 1.0/103.0
277 - "spotify:track:3oDFtOhcN08qeDPAK6MEQG" -> 21.0/167.0
278 - "spotify:track:5dNfHmqgr128gMY2tc5CeJ" -> 0.0/26.0
279 - "spotify:track:1xznGGDReH1oQq0xzbwXa3" -> 284.0/403.0
282 - "spotify:track:085JBuPwP0YbPgc2t6Lscc" -> 0.0/55.0
283 - "spotify:track:6vECYJHxYmm3Ydt3fF01pE" -> 44.0/179.0
284 - "spotify:track:4w7yrP4RAeeyhfG9nJqQvS" -> 72.0/209.0
285 - "spotify:track:152lZdxL1OR0ZMW6KquMif" -> 264.0/739.0
286 - "spotify:track:675pQka4krUCyb7zMX3M7y" -> 0.0/42.0
289 - "spotify:track:3nPpCn5nYTMg0ajmzv57Jq" -> 0.0/33.0
290 - "spotify:track:0d6gYlrea7zwNsjfAh9Xba" -> 31.0/92.0
291 - "spotify:track:61hmCqoIlTJjcVMMLhcH5n" -> 14.0/224.0
292 - "spotify:track:2rJFFUEl1LURkV0b0OARXx" -> 53.0/138.0
293 - "spotify:track:4CjzPBRBwyP0kgR1gjaDjo" -> 36.0/147.0
294 - "spotify:track:6WAxKNbZoGNzQTIvdMqkFs" -> 74.0/656.0
297 - "spotify:track:0I8mZRtlFGOqZayJbEAdxL" -> 10.0/99.0
298 - "spotify:track:3pLTOP0G0etiWUknFoRpsr" -> 25.0/109.0
900 - "spotify:track:1AfYo6cKm3yHsJHdmNoGO1" -> 0.0/18.0
903 - "spotify:track:2Nz6aF1umHh5Et6I5H581L" -> 71.0/202.0
907 - "spotify:track:34oWbFBfGEElvgO0a5c9V4" -> 210.0/616.0
908 - "spotify:track:2PpruBYCo4H7WOBJ7Q2EwM" -> 58.0/160.0
909 - "spotify:track:2Bs4jQEGMycglOfWPBqrVG" -> 1.0/40.0
910 - "spotify:track:0h6sfKXFb641F2E13rY4f2" -> 30.0/334.0
912 - "spotify:track:1BUFAqocPGcqyVRbdxzPYk" -> 0.0/139.0
913 - "spotify:track:2d8JP84HNLKhmd6IYOoupQ" -> 350.0/772.0
914 - "spotify:track:5IgQ5tC54J5VxnzWckP04K" -> 0.0/151.0
915 - "spotify:track:51ChrwmUPDJvedPQnIU8Ls" -> 0.0/24.0
916 - "spotify:track:7LRMbd3LEoV5wZJvXT1Lwb" -> 84.0/242.0
917 - "spotify:track:59oP06RoBps6bvbvSQ1Zee" -> 19.0/260.0
921 - "spotify:track:01a0J96fRD91VnjQQUCqMK" -> 2.0/173.0
922 - "spotify:track:0gFB5H3pHN13ERt2FyMuWi" -> 0.0/48.0
923 - "spotify:track:2GbmNHjKB1HxSnyobburxg" -> 3.0/83.0
924 - "spotify:track:51cd3bzVmLAjlnsSZn4ecW" -> 14.0/180.0
925 - "spotify:track:2JS1iE5A5RHvUPH5Zl9jlF" -> 31.0/228.0
928 - "spotify:track:17YuXw2ScwLLL1sUrRKhoW" -> 4.0/52.0
929 - "spotify:track:26rdOwwjC2UnweK3xeS58u" -> 8.0/56.0
933 - "spotify:track:5b88tNINg4Q4nrRbrCXUmg" -> 7.0/71.0
934 - "spotify:track:0VZ9xPNa6ROafP6GYYuv2S" -> 12.0/85.0
935 - "spotify:track:3ZMv9EzGoteNi5Qnx0KpEO" -> 9.0/145.0
936 - "spotify:track:6WSFMa721PvfnspCRsGOMh" -> 22.0/74.0
937 - "spotify:track:4XPWKmy05Rcff6TLHNoNF8" -> 34.0/107.0
940 - "spotify:track:6p8NuHm8uCGnn2Dtbtf7zE" -> 176.0/426.0
941 - "spotify:track:6elNeXUhiuHPD9hH5rocQi" -> 15.0/560.0
700 - "spotify:track:5gRUHiPQKr4JNh1cFR50PF" -> 5.0/147.0
942 - "spotify:track:2mp3sLUNQaJ025Lx5f4AAJ" -> 30.0/195.0
943 - "spotify:track:2Kgjd9G808FhUDRhS2gidG" -> 9.0/103.0
944 - "spotify:track:5U2m76qAMdr3gXI0g6ptlG" -> 9.0/84.0
704 - "spotify:track:4X5f3vT8MRuXF68pfjNte5" -> 236.0/568.0
705 - "spotify:track:4L7jMAP8UcIe309yQmkdcO" -> 0.0/51.0
706 - "spotify:track:4Az17HfqonKSWNsaLgTBeK" -> 0.0/15.0
707 - "spotify:track:22L7bfCiAkJo5xGSQgmiIO" -> 7.0/41.0
949 - "spotify:track:2QbFClFyhMMtiurUjuQlAe" -> 49.0/175.0
708 - "spotify:track:3x2YIvkLcxvZQsA5x6xyIR" -> 8.0/237.0
950 - "spotify:track:3QzbEvmnuZIONNv82PylZb" -> 8.0/287.0
710 - "spotify:track:3IV8xIrnjv7TdJY6KUmdrD" -> 0.0/7.0
952 - "spotify:track:2RUuKIHFHjk41E7YsJ9HNP" -> 6.0/42.0
953 - "spotify:track:6u9cWDkxbTXaqf4GZP5MHh" -> 2.0/146.0
712 - "spotify:track:1QEEqeFIZktqIpPI4jSVSF" -> 259.0/359.0
954 - "spotify:track:03fT3OHB9KyMtGMt2zwqCT" -> 69.0/118.0
713 - "spotify:track:1TNKy5UovHZyVm1JQNEM3X" -> 3.0/135.0
955 - "spotify:track:0i5el041vd6nxrGEU8QRxy" -> 211.0/445.0
957 - "spotify:track:7yMnml7zdYl5LlDFZPm5Hd" -> 31.0/78.0
958 - "spotify:track:0tCJ4iU48j9B6xMjXx35Ht" -> 0.0/75.0
717 - "spotify:track:08uGhvS5MfBk7crUCpnjva" -> 27.0/183.0
959 - "spotify:track:5KDmrBciOXKIUPHBbHz6jf" -> 8.0/200.0
961 - "spotify:track:5OYasGemcCt32kyjhgNx2M" -> 52.0/52.0
962 - "spotify:track:5T6DM9qjjngWnukcw0svkX" -> 234.0/270.0
721 - "spotify:track:53gcDgFyqqpvCzXWrnFZpH" -> 32.0/184.0
722 - "spotify:track:46GGxd8TVRt6FjUBfCavVT" -> 59.0/214.0
964 - "spotify:track:1DRW9bQzt2SE8f7H4KJZyL" -> 2.0/673.0
723 - "spotify:track:5masKPHeAOVNgxdLebIcK7" -> 3.0/98.0
965 - "spotify:track:1vvnYpYEMVB4aq9I6tHIEB" -> 53.0/446.0
724 - "spotify:track:7s25THrKz86DM225dOYwnr" -> 12.0/271.0
966 - "spotify:track:05KeRMxuutPAe5JOVlzZi3" -> 1.0/25.0
726 - "spotify:track:3zvHOVC4jikl6jORSr6OLE" -> 3.0/52.0
968 - "spotify:track:3FS2e59gXFXrcg7sN2mL5z" -> 0.0/368.0
728 - "spotify:track:3HvNzmI0hX2dXcE41lBMxi" -> 18.0/183.0
729 - "spotify:track:1oj4KLsbYhvfHFnhdb3twP" -> 5.0/261.0
970 - "spotify:track:3iVAyrTlbWGBq0laeQ18z2" -> 9.0/118.0
971 - "spotify:track:2fQrGHiQOvpL9UgPvtYy6G" -> 177.0/404.0
972 - "spotify:track:6TlRNJaezOdzdECnQeRuMM" -> 43.0/182.0
732 - "spotify:track:5g15o2Sm55Hn9ShK5yEXgp" -> 49.0/93.0
974 - "spotify:track:6g1NlCpW7fgqDnWbCCDrHl" -> 72.0/259.0
733 - "spotify:track:4gowy3WT6D1yhMLgRBlf9C" -> 29.0/300.0
975 - "spotify:track:3rbnDmP8MkSAQAZ6jpCg5b" -> 1.0/95.0
734 - "spotify:track:0C80KJWvQWIGjbOiIurV1W" -> 73.0/351.0
735 - "spotify:track:3b0EOvScbZUc0qJx0E1L2z" -> 23.0/130.0
977 - "spotify:track:3Ct0bL2G2Ki3DvrJQef2vo" -> 3.0/532.0
737 - "spotify:track:0qYTZCo5Bwh1nsUFGZP3zn" -> 31.0/71.0
979 - "spotify:track:0Nu9WA8kEbBWEsay2s8Q0U" -> 58.0/459.0
738 - "spotify:track:4BmLLPmR24ExGQyqhJH8i2" -> 0.0/26.0
739 - "spotify:track:2IDHoSlbG0CKH9rhq68wTb" -> 0.0/74.0
980 - "spotify:track:4AtZRwSR8BOTTQg5ihSggt" -> 176.0/1066.0
981 - "spotify:track:3vOmmLuvEUgGaVuRsCs2QF" -> 8.0/62.0
740 - "spotify:track:17lu4tymfnhmcIDlzBbtAb" -> 94.0/487.0
982 - "spotify:track:7Ld1YDk8O9SYWPiz2tdo3o" -> 0.0/137.0
500 - "spotify:track:4P5KoWXOxwuobLmHXLMobV" -> 12.0/106.0
742 - "spotify:track:0D7DRqVU5h31xtEUccV4s7" -> 27.0/81.0
984 - "spotify:track:0B8QzDH7YWih85V5SEMnyJ" -> 163.0/595.0
501 - "spotify:track:2iRSdAGD6fbY2SdJ2wnTal" -> 1.0/52.0
743 - "spotify:track:2HbKqm4o0w5wEeEFXm2sD4" -> 77.0/804.0
985 - "spotify:track:08zJpaUQVi9FrKv2e32Bah" -> 47.0/250.0
502 - "spotify:track:0dA2Mk56wEzDgegdC6R17g" -> 20.0/82.0
986 - "spotify:track:2q6j0nlwgKlYy7xgrria4S" -> 12.0/129.0
987 - "spotify:track:1b7vg5T9YKR3NNqXfBYRF7" -> 14.0/218.0
504 - "spotify:track:7lQWRAjyhTpCWFC0jmclT4" -> 17.0/267.0
505 - "spotify:track:5WPVwig7Tl6NFJ5BL6ONhd" -> 2.0/93.0
747 - "spotify:track:0k2GOhqsrxDTAbFFSdNJjT" -> 67.0/272.0
989 - "spotify:track:69hwHdKl4Y1HusAutt3W6q" -> 3.0/64.0
506 - "spotify:track:01vHGJRvJ6EZW9KO8NtZpi" -> 2.0/118.0
748 - "spotify:track:31cQvIaB5epWhLeY8TGEnK" -> 37.0/210.0
507 - "spotify:track:4eSGSqP2TZvvX0kadZZttM" -> 29.0/111.0
990 - "spotify:track:3MjUtNVVq3C8Fn0MP3zhXa" -> 21.0/254.0
750 - "spotify:track:6GX1zjEDqeI6ogBtkFjleM" -> 1.0/167.0
992 - "spotify:track:5xV0Czdqefft6sPDqjmFBu" -> 140.0/285.0
751 - "spotify:track:5uLSHSB8HGzVoMl0Q9YKcv" -> 15.0/440.0
993 - "spotify:track:5iUQMwxUPdJBFeGkePtM66" -> 4.0/63.0
510 - "spotify:track:75ZvA4QfFiZvzhj2xkaWAh" -> 50.0/121.0
995 - "spotify:track:709JP07qJbz95uMOLHYlWu" -> 5.0/160.0
512 - "spotify:track:0CSTvWUps1YmpQoXXay9ol" -> 0.0/40.0
754 - "spotify:track:4BhGTc3Cgay2U1QcTS7vQe" -> 11.0/203.0
996 - "spotify:track:6mzaCRuLTRiz1caGOum3zT" -> 6.0/119.0
513 - "spotify:track:5oiw1qJYD0AvHegdvrHQDH" -> 0.0/109.0
755 - "spotify:track:4wFUdSCer8bdQsrp1M90sa" -> 61.0/173.0
514 - "spotify:track:6vTtMyCg96xwpoIBws9K0Q" -> 4.0/45.0
756 - "spotify:track:1VdZ0vKfR5jneCmWIUAMxK" -> 7.0/52.0
998 - "spotify:track:2jwaErbghhcia4JqUYWz3g" -> 39.0/316.0
757 - "spotify:track:30aVFx8u8eYjy0P6flmPYp" -> 0.0/37.0
758 - "spotify:track:1Je1IMUlBXcx1Fz0WE7oPT" -> 14.0/133.0
759 - "spotify:track:0v9Wz8o0BT8DU38R4ddjeH" -> 107.0/189.0
518 - "spotify:track:6CFQGqTEdTCm04EQ3v0mGD" -> 0.0/28.0
760 - "spotify:track:3muBQDekYAg7jm6hDu6R0Z" -> 84.0/392.0
762 - "spotify:track:5MI5OXY7k5SXSvTMIYZVQv" -> 44.0/50.0
521 - "spotify:track:7INsqwNThfLFC9zKK1BYmq" -> 2.0/229.0
763 - "spotify:track:1wHZx0LgzFHyeIZkUydNXq" -> 74.0/183.0
522 - "spotify:track:6h5yOjQNDaLZ0rW2OGoXTB" -> 1.0/60.0
766 - "spotify:track:0SGkqnVQo9KPytSri1H6cF" -> 476.0/647.0
767 - "spotify:track:6AoYWCzsDls6c61Zp5qTuU" -> 93.0/572.0
526 - "spotify:track:4hd4x0iaXAQ2pIcyUgHB7h" -> 8.0/512.0
768 - "spotify:track:5g7sDjBhZ4I3gcFIpkrLuI" -> 20.0/100.0
527 - "spotify:track:5VSAonaAPhhGn0G7hMYwWK" -> 4.0/81.0
769 - "spotify:track:3zjjzKg16tczCMwckGKGuH" -> 154.0/221.0
528 - "spotify:track:0v9Wz8o0BT8DU38R4ddjeH" -> 365.0/748.0
530 - "spotify:track:0mZriPjLPG9PExNzKQ3NVS" -> 3.0/75.0
772 - "spotify:track:6txWz9UapYHVxEd7dDIHXT" -> 5.0/42.0
531 - "spotify:track:2gocMpiwnMRLDejlcSJt7J" -> 1.0/7.0
773 - "spotify:track:0n2SEXB2qoRQg171q7XqeW" -> 8.0/304.0
774 - "spotify:track:45UvXCltvMpEPNLGzG0NYk" -> 0.0/30.0
776 - "spotify:track:7eaKWfov7b2Qa2n6HTesL3" -> 12.0/86.0
536 - "spotify:track:5RoIXwyTCdyUjpMMkk4uPd" -> 8.0/55.0
778 - "spotify:track:3iVAyrTlbWGBq0laeQ18z2" -> 18.0/45.0
540 - "spotify:track:1q8NdCAQ9QUjpYiqzdd3mv" -> 6.0/71.0
782 - "spotify:track:2d8JP84HNLKhmd6IYOoupQ" -> 454.0/855.0
541 - "spotify:track:3V2cgvvI483DKomiZBYsAA" -> 8.0/73.0
783 - "spotify:track:4qBejt9FeqLI9blHI1Nq1x" -> 29.0/63.0
542 - "spotify:track:7xYnUQigPoIDAMPVK79NEq" -> 57.0/363.0
543 - "spotify:track:1L94M3KIu7QluZe63g64rv" -> 10.0/183.0
786 - "spotify:track:5kfq8LQa2BgSz6WGlZJySk" -> 0.0/83.0
787 - "spotify:track:3NMNNcNGnNz7bBSCinr5hv" -> 0.0/37.0
546 - "spotify:track:7xVLFuuYdAvcTfcP3IG3dS" -> 79.0/397.0
788 - "spotify:track:5z7mYFfhw6N6f23VwrokJD" -> 10.0/68.0
306 - "spotify:track:42CeaId2XNlxugDvyqHfDf" -> 64.0/242.0
548 - "spotify:track:75JFxkI2RXiU7L9VXzMkle" -> 4.0/33.0
307 - "spotify:track:5mkGfmJGFZpwK9nA5amOhv" -> 20.0/87.0
308 - "spotify:track:6WAxKNbZoGNzQTIvdMqkFs" -> 2.0/70.0
309 - "spotify:track:39shmbIHICJ2Wxnk1fPSdz" -> 14.0/105.0
790 - "spotify:track:0AICBlLzFCTpUqmAbtzB2z" -> 4.0/69.0
791 - "spotify:track:4l8u5h7OjkZo2UmyUoeKYJ" -> 55.0/128.0
551 - "spotify:track:5dTHtzHFPyi8TlTtzoz1J9" -> 6.0/67.0
793 - "spotify:track:4UIOPiM5kNcJFUoRtdDRZa" -> 4.0/164.0
552 - "spotify:track:4T5Z4mbTe7kuGqgLpaRtTh" -> 25.0/302.0
794 - "spotify:track:48q0vSHcJdhK3IiXH8C5WJ" -> 19.0/88.0
553 - "spotify:track:5z9cKcr2oSPGkl0947lsky" -> 24.0/252.0
795 - "spotify:track:6mICuAdrwEjh6Y6lroV2Kg" -> 3.0/53.0
796 - "spotify:track:751wKDM4y5zurzhSxcUxqP" -> 59.0/177.0
797 - "spotify:track:11EOvxJRG665bwRU0z6YVa" -> 0.0/129.0
314 - "spotify:track:7G0PgkkbavF7Rh4zNrUxH0" -> 9.0/144.0
798 - "spotify:track:0COqiPhxzoWICwFCS4eZcp" -> 3.0/69.0
315 - "spotify:track:4OTw5splgMdlYklwHMHxLK" -> 61.0/154.0
799 - "spotify:track:5qII2n90lVdPDcgXEEVHNy" -> 9.0/69.0
558 - "spotify:track:0VgkVdmE4gld66l8iyGjgx" -> 185.0/302.0
559 - "spotify:track:01KdLUbWrTXdviMq7bDhip" -> 26.0/945.0
319 - "spotify:track:4XTuSMs47SIg35KxhNIUGe" -> 6.0/140.0
560 - "spotify:track:1lzr43nnXAijIGYnCT8M8H" -> 219.0/842.0
320 - "spotify:track:6H0AwSQ20mo62jGlPGB8S6" -> 16.0/69.0
562 - "spotify:track:215FCyLSBcXeX0NASXEjyn" -> 54.0/259.0
321 - "spotify:track:0B0tYbVp7pDQAqKDhgMeaL" -> 1.0/74.0
563 - "spotify:track:12REd1n8PeiHHWOh066tpr" -> 65.0/124.0
564 - "spotify:track:3lW0Otqzm4vCc4DF0OPi34" -> 3.0/21.0
323 - "spotify:track:2DVUJ7LTIOEQqjfOZXs8iU" -> 6.0/82.0
565 - "spotify:track:5pyB5WEAEwqwl18UaBLeBl" -> 62.0/386.0
566 - "spotify:track:4eYaDRhiL5iesFp2EuoODr" -> 0.0/24.0
325 - "spotify:track:3wjgPeXocinhLyPL37p70e" -> 50.0/123.0
567 - "spotify:track:0IqKeD8ZSP72KbGYyzEcAs" -> 34.0/111.0
326 - "spotify:track:4DMKwE2E2iYDKY01C335Uw" -> 170.0/303.0
327 - "spotify:track:6RrXd9Hph4hYR4bf3dbM6H" -> 11.0/32.0
569 - "spotify:track:4dDoIid58lgImNuYAxTRyM" -> 1.0/41.0
328 - "spotify:track:5fSPbm5lcwtqwXkeQQswW8" -> 19.0/279.0
571 - "spotify:track:2stkLJ0JNcXkIRDNF3ld6c" -> 4.0/55.0
330 - "spotify:track:7bZQbORthYZpDnIddIDCcT" -> 6.0/275.0
572 - "spotify:track:2HJQcyUpmUuvzS5vBAICIc" -> 51.0/785.0
331 - "spotify:track:4o6BgsqLIBViaGVbx5rbRk" -> 91.0/349.0
573 - "spotify:track:2jyjhRf6DVbMPU5zxagN2h" -> 14.0/137.0
574 - "spotify:track:1WP1r7fuvRqZRnUaTi2I1Q" -> 18.0/61.0
575 - "spotify:track:2q6j0nlwgKlYy7xgrria4S" -> 43.0/138.0
334 - "spotify:track:67EY6aDoIx8czEPS6a2AaI" -> 9.0/252.0
576 - "spotify:track:0MYTcPXAAmeKBUpBgtAV0J" -> 0.0/80.0
336 - "spotify:track:11y8GSP2ASv8S9n0FiiDva" -> 1.0/26.0
578 - "spotify:track:5CRVwXGikmqzoRO6q7FeAg" -> 6.0/54.0
337 - "spotify:track:1fidCEsYlaVE3pHwKCvpFZ" -> 7.0/25.0
579 - "spotify:track:5TvE3pk05pyFIGdSY9j4DJ" -> 24.0/72.0
338 - "spotify:track:6oUxfy9C4uDiR8kAQUZb0C" -> 20.0/246.0
339 - "spotify:track:1BCLtk5xX8H8tdD51hbJ2k" -> 33.0/187.0
580 - "spotify:track:5CQ30WqJwcep0pYcV4AMNc" -> 97.0/176.0
581 - "spotify:track:1jdNcAD8Ir58RlsdGjJJdx" -> 21.0/146.0
340 - "spotify:track:55gDXEcj1heJNWZU2Ah5HH" -> 15.0/34.0
583 - "spotify:track:3eqfEoBJPQDlUZQzOP0cly" -> 20.0/201.0
100 - "spotify:track:25AASoU47mZPdhzxeDp5gP" -> 2.0/26.0
342 - "spotify:track:4oDZ5L8izBals6jKBJDBcX" -> 171.0/277.0
584 - "spotify:track:61sQYdFNS6sEBYCyr1q5gn" -> 60.0/351.0
343 - "spotify:track:08mG3Y1vljYA6bvDt4Wqkj" -> 31.0/174.0
344 - "spotify:track:2J6zz86oGWSBiRwn5T26Kw" -> 1.0/53.0
103 - "spotify:track:5Jt4zdXTd9y1zxihiNYQI1" -> 28.0/244.0
104 - "spotify:track:1ML2r3gzmd9776dmnlGYlh" -> 1.0/112.0
346 - "spotify:track:0MuqFuh4MerIiFsYWuEFaP" -> 2.0/43.0
588 - "spotify:track:5COPw6K4B6PPpeUXIE2Ry5" -> 1.0/116.0
105 - "spotify:track:4SF1747p541umnykBp352Q" -> 16.0/245.0
589 - "spotify:track:7KXjTSCq5nL1LoYtL7XAwS" -> 187.0/274.0
107 - "spotify:track:22mek4IiqubGD9ctzxc69s" -> 44.0/322.0
108 - "spotify:track:5gMEMaqm74DwNKxZ0RfWM6" -> 42.0/102.0
590 - "spotify:track:7AQim7LbvFVZJE3O8TYgf2" -> 31.0/204.0
591 - "spotify:track:45yEy5WJywhJ3sDI28ajTm" -> 14.0/37.0
350 - "spotify:track:5gFAT2DbEt4TOMXyAMEixG" -> 21.0/147.0
351 - "spotify:track:6m3ZWIXhjoV76syT1j2oE9" -> 30.0/191.0
593 - "spotify:track:4cVHMHgmWgudD399ZdhQ3L" -> 1.0/117.0
110 - "spotify:track:7KFUj2MunvS4cbauF04r6w" -> 1.0/33.0
594 - "spotify:track:4osgfFTICMkcGbbigdsa53" -> 3.0/79.0
111 - "spotify:track:6eYYm2xwrvdav2yakF3cqg" -> 30.0/79.0
354 - "spotify:track:2udGjDmpK1dH9VGyw7nrei" -> 69.0/179.0
596 - "spotify:track:77Y57qRJBvkGCUw9qs0qMg" -> 4.0/93.0
113 - "spotify:track:0PDUDa38GO8lMxLCRc4lL1" -> 29.0/100.0
355 - "spotify:track:7gKIt3rDGIMJDFVSPBnGmj" -> 90.0/297.0
115 - "spotify:track:2Z2vOukzwOgqR4dkymRSWd" -> 63.0/355.0
357 - "spotify:track:2bjwRfXMk4uRgOD9IBYl9h" -> 37.0/259.0
599 - "spotify:track:2LZwKxTPZLBCYjUhlogMZl" -> 3.0/21.0
116 - "spotify:track:2d5NhldpaetRQBVbNveDkK" -> 3.0/51.0
358 - "spotify:track:5InWRmnfgjVwQWoXHNBATu" -> 26.0/249.0
359 - "spotify:track:39qcvV4f0uqDMHxIkSb7tE" -> 14.0/147.0
118 - "spotify:track:6vECYJHxYmm3Ydt3fF01pE" -> 12.0/114.0
119 - "spotify:track:3354J49VpkbZJho7Ztdzpw" -> 24.0/87.0
10 - "spotify:track:1jrR0rsFRSWR2CHJLL2TrR" -> 8.0/297.0
12 - "spotify:track:6vECYJHxYmm3Ydt3fF01pE" -> 2.0/28.0
13 - "spotify:track:2zhk0kypGeOPsaaZcjyc14" -> 1.0/27.0
14 - "spotify:track:4GiVcDqNQI0fc0yYuRGH9m" -> 50.0/258.0
17 - "spotify:track:1ff4y46qRCsLXROVpOxxTc" -> 3.0/201.0
362 - "spotify:track:7mldq42yDuxiUNn08nvzHO" -> 60.0/429.0
121 - "spotify:track:01ICFoBoco3TaM5r3HthXy" -> 23.0/352.0
363 - "spotify:track:2KmEgiY8fQs0G6WNxtzQKr" -> 115.0/366.0
122 - "spotify:track:4YMQXzscifAREG0a7KNGhB" -> 1.0/39.0
364 - "spotify:track:6HTJZ0TQJVMSKkUGzAOe2h" -> 24.0/232.0
123 - "spotify:track:2q4rjDy9WhaN3o9MvDbO21" -> 152.0/829.0
365 - "spotify:track:0pQskrTITgmCMyr85tb9qq" -> 2.0/192.0
124 - "spotify:track:0mtmrbRFsectINNpHdDkUQ" -> 20.0/661.0
366 - "spotify:track:4UJmPSJsBsIR1U0N79BU1g" -> 3.0/25.0
367 - "spotify:track:5UWwZ5lm5PKu6eKsHAGxOk" -> 10.0/241.0
368 - "spotify:track:203xmWRHAyqwW6AkGkhhVM" -> 0.0/54.0
127 - "spotify:track:4dYBLFeLoeZtClQsC6Tuwb" -> 1.0/94.0
369 - "spotify:track:0IeRIoG7frq3kp92vzfORU" -> 53.0/59.0
128 - "spotify:track:6zkHymyoD3tIqV7RwCAYUw" -> 5.0/30.0
129 - "spotify:track:2tUBqZG2AbRi7Q0BIrVrEj" -> 51.0/184.0
20 - "spotify:track:7GX5flRQZVHRAGd6B4TmDO" -> 10.0/21.0
22 - "spotify:track:4iLqG9SeJSnt0cSPICSjxv" -> 35.0/111.0
24 - "spotify:track:5cbpoIu3YjoOwbBDGUEp3P" -> 12.0/49.0
28 - "spotify:track:4aWmUDTfIPGksMNLV2rQP2" -> 4.0/406.0
370 - "spotify:track:0MmNrhvLcoWjo7AOr0vgka" -> 32.0/113.0
130 - "spotify:track:51NFxnQvaosfDDutk0tams" -> 16.0/310.0
131 - "spotify:track:1x80xTzSL7pok3M5JC3oJz" -> 21.0/267.0
374 - "spotify:track:4yugZvBYaoREkJKtbG08Qr" -> 96.0/418.0
375 - "spotify:track:1IdTIzkTK6CcpKKgMUGbg7" -> 4.0/108.0
134 - "spotify:track:5dNfHmqgr128gMY2tc5CeJ" -> 149.0/480.0
376 - "spotify:track:1wHZx0LgzFHyeIZkUydNXq" -> 137.0/286.0
378 - "spotify:track:6sXK2Fq7Ibi3SN6qYyQgIG" -> 92.0/192.0
137 - "spotify:track:6hmhG1b4LEyNuashVvuIAo" -> 15.0/65.0
138 - "spotify:track:6JKoTnberZoBgUuxa6l4Kh" -> 0.0/147.0
31 - "spotify:track:0tICYNayWWhH9GPeFrfjfD" -> 34.0/301.0
32 - "spotify:track:4zzzZ1UNfr75ASG1lUE9L1" -> 4.0/165.0
33 - "spotify:track:1mqlc0vEP9mU1kZgTi6LIQ" -> 2.0/25.0
34 - "spotify:track:52ZAsLhFwhCZsExUpSdG5H" -> 5.0/216.0
36 - "spotify:track:3AA8xNhDC0MpqwkGX3EP5V" -> 0.0/10.0
38 - "spotify:track:0WqIKmW4BTrj3eJFmnCKMv" -> 113.0/219.0
39 - "spotify:track:5dNGORzxFb5z3v7vSAFkTU" -> 66.0/207.0
380 - "spotify:track:66TRwr5uJwPt15mfFkzhbi" -> 174.0/449.0
381 - "spotify:track:3xqF04FdMK7gpIPG3SPFpY" -> 14.0/105.0
140 - "spotify:track:7mMlbJlXXo2mRtQ4R9sIzD" -> 2.0/88.0
382 - "spotify:track:6jdOi5U5LBzQrc4c1VT983" -> 5.0/27.0
141 - "spotify:track:1q74TesvRCIo5RvJM5B84F" -> 0.0/35.0
383 - "spotify:track:7zVCrzzEJU7u24sbJPXA5W" -> 5.0/57.0
142 - "spotify:track:3zvHOVC4jikl6jORSr6OLE" -> 0.0/143.0
143 - "spotify:track:3DJzymVeQfMiPRgNSPUavd" -> 8.0/296.0
385 - "spotify:track:68DcqqXKi0cRlbPlghUhsb" -> 3.0/92.0
386 - "spotify:track:7jJH8F3PHlNvxfqEAAfFDl" -> 2.0/69.0
145 - "spotify:track:01ICFoBoco3TaM5r3HthXy" -> 27.0/199.0
387 - "spotify:track:5j9yOfRB2s6OMS1YwwYiMw" -> 0.0/10.0
146 - "spotify:track:2iptAVf9jZerlywLwiGhak" -> 12.0/328.0
388 - "spotify:track:6u5M4jPpYkoRV4vVHDQvkd" -> 19.0/99.0
147 - "spotify:track:7BY005dacJkbO6EPiOh2wb" -> 0.0/14.0
389 - "spotify:track:6fTdcGsjxlAD9PSkoPaLMX" -> 85.0/592.0
148 - "spotify:track:3G3EvGRQUgyhn5icKOiiFP" -> 2.0/211.0
149 - "spotify:track:5886UeLB6fyW8XwBRim6Fg" -> 13.0/61.0
40 - "spotify:track:3YPlsrk0Voe8AOa1jyN891" -> 18.0/297.0
42 - "spotify:track:6ll39ALTlddWWQZLjSFlwM" -> 62.0/398.0
43 - "spotify:track:4hCv07JQHyyOrC72WjeDuF" -> 1.0/68.0
44 - "spotify:track:0HUxldRfI3EqH6wMesQDmv" -> 32.0/69.0
45 - "spotify:track:5gBQ3x6u7DCvMW1QoP3CpG" -> 28.0/227.0
48 - "spotify:track:1PoGWZbJPGmViVi7CYbDUK" -> 49.0/146.0
49 - "spotify:track:3rDJ4H6XTEpt5otqx4h1Ce" -> 12.0/53.0
391 - "spotify:track:2fTsxw433lT9uYnIH3ihDU" -> 2.0/77.0
150 - "spotify:track:6CLx4X6ovfxFwcBbr5vv59" -> 11.0/422.0
392 - "spotify:track:7pU1FEjedvmZRCZ0gTuNRU" -> 7.0/186.0
151 - "spotify:track:7GjWjpwUpMnFR0gtBN5Ymo" -> 1.0/63.0
152 - "spotify:track:07nH4ifBxUB4lZcsf44Brn" -> 21.0/180.0
394 - "spotify:track:3uKEnAYPF81GJhvRmWuKdm" -> 0.0/37.0
153 - "spotify:track:1IDF4jYiuI17U4BW23EoXV" -> 0.0/82.0
154 - "spotify:track:4LfkoDOt4mhrbo8Ndk37sQ" -> 43.0/266.0
396 - "spotify:track:4VrWlk8IQxevMvERoX08iC" -> 106.0/314.0
155 - "spotify:track:3YPiRYIUFlcQ0aaLGmeswS" -> 1.0/40.0
397 - "spotify:track:5OOkp4U9P9oL23maHFHL1h" -> 38.0/124.0
156 - "spotify:track:1AskFnURw6paF4HZNUOrfB" -> 18.0/288.0
157 - "spotify:track:46pW0poQYEb2bVaqozGO59" -> 1.0/25.0
399 - "spotify:track:0c8X4ApJu6CNEXoIb5VKMo" -> 4.0/33.0
158 - "spotify:track:5aVhFEvhPKibeOoCx7aNtG" -> 17.0/160.0
159 - "spotify:track:0Ma4illoFg3z4bYdSRxkJP" -> 2.0/61.0
51 - "spotify:track:6Ep6BzIOB9tz3P4sWqiiAB" -> 21.0/107.0
52 - "spotify:track:2FRnf9qhLbvw8fu4IBXx78" -> 33.0/48.0
53 - "spotify:track:2rzBvHM9h36Tpdj7Jdajka" -> 54.0/473.0
55 - "spotify:track:46W2wkCzFerbeQbNz3EIaa" -> 48.0/436.0
56 - "spotify:track:2WMRd3xAb9FwXopCRNWDq1" -> 0.0/23.0
160 - "spotify:track:1CnPYaKxTVb4LWOtiGOm0m" -> 5.0/56.0
161 - "spotify:track:3pzjHKrQSvXGHQ98dx18HI" -> 243.0/556.0
164 - "spotify:track:3CcvahnsiArpTHYQEWV2Au" -> 0.0/308.0
165 - "spotify:track:6waqLPcT6ruMhmd36OhmFO" -> 4.0/14.0
167 - "spotify:track:0z9UVN8VBHJ9HdfYsOuuNf" -> 8.0/110.0
168 - "spotify:track:6b2oQwSGFkzsMtQruIWm2p" -> 8.0/32.0
60 - "spotify:track:3WibbMr6canxRJXhNtAvLU" -> 1.0/118.0
62 - "spotify:track:4tXA1TUmKvz7CbUT9LUHDx" -> 44.0/195.0
63 - "spotify:track:6sPOmDulFtLzfX25zICNrC" -> 27.0/124.0
64 - "spotify:track:7L64OvJagBzCRfESrkVGZ1" -> 20.0/188.0
65 - "spotify:track:1mhrPZCfGbDkQn8IYBtgIO" -> 1.0/284.0
68 - "spotify:track:02opp1cycqiFNDpLd2o1J3" -> 29.0/396.0
69 - "spotify:track:3QCNDusgteS3LdSpjLZdli" -> 0.0/33.0
170 - "spotify:track:0WKYRFtH6KKbaNWjsxqm70" -> 24.0/120.0
171 - "spotify:track:11bD1JtSjlIgKgZG2134DZ" -> 3.0/61.0
172 - "spotify:track:5rkok5WSDPoQb9xKx5R61n" -> 0.0/65.0
173 - "spotify:track:1MQCTOWVfy4PcuBXkBsHVB" -> 0.0/187.0
175 - "spotify:track:7JXZq0JgG2zTrSOAgY8VMC" -> 24.0/117.0
176 - "spotify:track:1UZOjK1BwmwWU14Erba9CZ" -> 95.0/403.0
178 - "spotify:track:0v9Wz8o0BT8DU38R4ddjeH" -> 316.0/564.0
179 - "spotify:track:2lrRWbiHPdBicufAqrGN3r" -> 1.0/101.0
73 - "spotify:track:152lZdxL1OR0ZMW6KquMif" -> 61.0/135.0
74 - "spotify:track:1BCLtk5xX8H8tdD51hbJ2k" -> 1.0/10.0
75 - "spotify:track:0aAk9KMmPChiS2EG9Fg7IX" -> 0.0/15.0
78 - "spotify:track:2UYJqglnOMTvRcqQLNcjjf" -> 0.0/21.0
180 - "spotify:track:2H3ZUSE54pST4ubRd5FzFR" -> 8.0/60.0
182 - "spotify:track:7y6c07pgjZvtHI9kuMVqk1" -> 43.0/471.0
186 - "spotify:track:7qxjGHW485TL8ciwkHD5MK" -> 48.0/175.0
187 - "spotify:track:1mcb6XOtbQLn3CpwEUcMPk" -> 0.0/41.0
81 - "spotify:track:70tFuqBcduJv15bEnOPRTh" -> 7.0/192.0
83 - "spotify:track:7K1QvbTr4KqK8Np5SpFC6S" -> 19.0/129.0
84 - "spotify:track:1Bqxj0aH5KewYHKUg1IdrF" -> 11.0/108.0
85 - "spotify:track:6i0V12jOa3mr6uu4WYhUBr" -> 58.0/195.0
89 - "spotify:track:37BTh5g05cxBIRYMbw8g2T" -> 22.0/213.0
190 - "spotify:track:5Mtt6tZSZA9cXTHGSGpyh0" -> 67.0/114.0
191 - "spotify:track:6TCk1yecQRDU5sXG3vjTYj" -> 4.0/28.0
193 - "spotify:track:4jtyUzZm9WLc2AdaJ1dso7" -> 15.0/42.0
194 - "spotify:track:5OTH21tpmWn9YL3XzfB8AX" -> 5.0/336.0
196 - "spotify:track:66s45uMhk7Y4z0xUgESdm3" -> 2.0/47.0
91 - "spotify:track:2ezqQeBiC72gwMJoO4w1hA" -> 8.0/96.0
93 - "spotify:track:2d8ctyCSbDMwrByGI6Ybpc" -> 4.0/333.0
94 - "spotify:track:5JDcQAztvZTIkrWoZihgvC" -> 15.0/220.0
95 - "spotify:track:1Wsbr1d2BouNGk2q92mIj7" -> 75.0/631.0
96 - "spotify:track:4z8sz6E4YyFuEkv5o7IJni" -> 24.0/57.0
97 - "spotify:track:0Z9TbLIhMAXa8BSOiY6um6" -> 241.0/258.0
