WARNING: An illegal reflective access operation has occurred
WARNING: Illegal reflective access by com.google.inject.internal.cglib.core.$ReflectUtils$1 (file:/usr/share/maven/lib/guice.jar) to method java.lang.ClassLoader.defineClass(java.lang.String,byte[],int,int,java.security.ProtectionDomain)
WARNING: Please consider reporting this to the maintainers of com.google.inject.internal.cglib.core.$ReflectUtils$1
WARNING: Use --illegal-access=warn to enable warnings of further illegal reflective access operations
WARNING: All illegal access operations will be denied in a future release
[INFO] Scanning for projects...
[WARNING] 
[WARNING] Some problems were encountered while building the effective model for Spotify-Recsys-2018:Spotify-Recsys-2018:jar:0.0.1-SNAPSHOT
[WARNING] 'build.plugins.plugin.version' for org.codehaus.mojo:exec-maven-plugin is missing. @ line 26, column 12
[WARNING] 
[WARNING] It is highly recommended to fix these problems because they threaten the stability of your build.
[WARNING] 
[WARNING] For this reason, future Maven versions might no longer support building such malformed projects.
[WARNING] 
[INFO]                                                                         
[INFO] ------------------------------------------------------------------------
[INFO] Building Spotify-Recsys-2018 0.0.1-SNAPSHOT
[INFO] ------------------------------------------------------------------------
[INFO] 
[INFO] --- exec-maven-plugin:1.6.0:java (default-cli) @ Spotify-Recsys-2018 ---
Number of Playlists: 1000
Number of unique train tracks: 32078
Training completed in 0 secs
Testing playlist 0
Found 0 tracks out of 4
Testing playlist 1
Found 0 tracks out of 2
Testing playlist 2
Found 0 tracks out of 2
Testing playlist 3
Found 0 tracks out of 1
Testing playlist 4
Found 0 tracks out of 1
Testing playlist 5
Found 1 tracks out of 8
Testing playlist 6
Found 0 tracks out of 1
Testing playlist 7
Found 0 tracks out of 2
Testing playlist 8
Found 0 tracks out of 4
Testing playlist 800
Testing playlist 9
Found 0 tracks out of 1
Testing playlist 801
Found 0 tracks out of 1
Testing playlist 802
Found 0 tracks out of 1
Testing playlist 803
Found 2 tracks out of 19
Testing playlist 804
Found 0 tracks out of 8
Testing playlist 805
Found 0 tracks out of 1
Testing playlist 806
Found 0 tracks out of 9
Testing playlist 807
Found 0 tracks out of 6
Testing playlist 808
Found 0 tracks out of 10
Testing playlist 809
Found 0 tracks out of 1
Testing playlist 810
Found 0 tracks out of 1
Testing playlist 811
Found 0 tracks out of 1
Testing playlist 812
Found 1 tracks out of 6
Testing playlist 813
Found 0 tracks out of 4
Testing playlist 814
Found 0 tracks out of 1
Testing playlist 815
Found 2 tracks out of 16
Testing playlist 816
Found 0 tracks out of 3
Testing playlist 817
Found 0 tracks out of 3
Testing playlist 818
Testing playlist 819
Found 0 tracks out of 1
Testing playlist 820
Found 0 tracks out of 1
Testing playlist 821
Found 0 tracks out of 2
Testing playlist 822
Found 0 tracks out of 16
Testing playlist 823
Found 1 tracks out of 7
Testing playlist 824
Found 0 tracks out of 1
Testing playlist 825
Found 0 tracks out of 7
Testing playlist 826
Testing playlist 827
Found 0 tracks out of 1
Testing playlist 828
Found 0 tracks out of 1
Testing playlist 829
Found 0 tracks out of 3
Testing playlist 830
Found 0 tracks out of 1
Testing playlist 831
Found 0 tracks out of 4
Testing playlist 832
Found 0 tracks out of 1
Testing playlist 833
Found 1 tracks out of 8
Testing playlist 834
Found 0 tracks out of 1
Testing playlist 835
Found 0 tracks out of 17
Testing playlist 836
