WARNING: An illegal reflective access operation has occurred
WARNING: Illegal reflective access by com.google.inject.internal.cglib.core.$ReflectUtils$1 (file:/usr/share/maven/lib/guice.jar) to method java.lang.ClassLoader.defineClass(java.lang.String,byte[],int,int,java.security.ProtectionDomain)
WARNING: Please consider reporting this to the maintainers of com.google.inject.internal.cglib.core.$ReflectUtils$1
WARNING: Use --illegal-access=warn to enable warnings of further illegal reflective access operations
WARNING: All illegal access operations will be denied in a future release
[INFO] Scanning for projects...
[WARNING] 
[WARNING] Some problems were encountered while building the effective model for Spotify-Recsys-2018:Spotify-Recsys-2018:jar:0.0.1-SNAPSHOT
[WARNING] 'build.plugins.plugin.version' for org.codehaus.mojo:exec-maven-plugin is missing. @ line 26, column 12
[WARNING] 
[WARNING] It is highly recommended to fix these problems because they threaten the stability of your build.
[WARNING] 
[WARNING] For this reason, future Maven versions might no longer support building such malformed projects.
[WARNING] 
[INFO]                                                                         
[INFO] ------------------------------------------------------------------------
[INFO] Building Spotify-Recsys-2018 0.0.1-SNAPSHOT
[INFO] ------------------------------------------------------------------------
[INFO] 
[INFO] --- exec-maven-plugin:1.6.0:java (default-cli) @ Spotify-Recsys-2018 ---
Number of Playlists: 6000
Number of unique train tracks: 115259
Training completed in 1 secs
Testing playlist 4970
Found 2 tracks out of 2
Testing playlist 3640
Found 6 tracks out of 12
Testing playlist 4971
Found 0 tracks out of 2
Testing playlist 2306
Found 5 tracks out of 5
Testing playlist 3638
Found 0 tracks out of 1
Testing playlist 4969
Found 5 tracks out of 6
Testing playlist 2305
Found 2 tracks out of 5
Testing playlist 3639
Found 1 tracks out of 1
Testing playlist 2304
Found 16 tracks out of 19
Testing playlist 2303
Found 0 tracks out of 1
Testing playlist 2302
Found 6 tracks out of 7
Testing playlist 2301
Found 1 tracks out of 2
Testing playlist 2300
Found 3 tracks out of 6
Testing playlist 3630
Found 1 tracks out of 8
Testing playlist 4961
Found 2 tracks out of 2
Testing playlist 3631
Found 1 tracks out of 4
Testing playlist 4962
Found 0 tracks out of 1
Testing playlist 3632
Found 1 tracks out of 1
Testing playlist 4963
Testing playlist 3633
Found 3 tracks out of 7
Testing playlist 4964
Found 0 tracks out of 1
Testing playlist 3634
Found 1 tracks out of 1
Testing playlist 4965
Testing playlist 2309
Found 7 tracks out of 8
Testing playlist 3635
Found 9 tracks out of 13
Testing playlist 4966
Found 2 tracks out of 2
Testing playlist 2308
Found 4 tracks out of 9
Testing playlist 3636
Testing playlist 4967
Found 5 tracks out of 13
Testing playlist 2307
Found 4 tracks out of 4
Testing playlist 3637
Found 2 tracks out of 4
Testing playlist 4968
Found 2 tracks out of 2
Testing playlist 4980
Found 1 tracks out of 1
Testing playlist 3650
Found 9 tracks out of 12
Testing playlist 4981
Found 0 tracks out of 1
Testing playlist 3651
Found 1 tracks out of 3
Testing playlist 4982
Found 1 tracks out of 1
Testing playlist 2320
Found 7 tracks out of 8
Testing playlist 0
Found 5 tracks out of 5
Testing playlist 2317
Found 6 tracks out of 6
Testing playlist 3649
Found 1 tracks out of 1
Testing playlist 1
Found 0 tracks out of 1
Testing playlist 2316
Found 4 tracks out of 6
Testing playlist 2
Found 4 tracks out of 4
Testing playlist 2315
Found 2 tracks out of 8
Testing playlist 3
Found 0 tracks out of 4
Testing playlist 2314
Found 2 tracks out of 6
Testing playlist 4
Found 1 tracks out of 1
Testing playlist 2313
Found 2 tracks out of 2
Testing playlist 5
Found 3 tracks out of 8
Testing playlist 2312
Found 3 tracks out of 7
Testing playlist 6
Found 1 tracks out of 1
Testing playlist 2311
Found 5 tracks out of 5
Testing playlist 7
Found 0 tracks out of 3
Testing playlist 2310
Found 3 tracks out of 6
Testing playlist 8
Found 3 tracks out of 4
Testing playlist 3641
Found 0 tracks out of 1
Testing playlist 4972
Found 3 tracks out of 3
Testing playlist 9
Found 0 tracks out of 1
Testing playlist 3642
Found 1 tracks out of 2
Testing playlist 4973
Found 0 tracks out of 1
Testing playlist 3643
Found 1 tracks out of 2
Testing playlist 4974
Found 8 tracks out of 18
Testing playlist 3644
Found 7 tracks out of 7
Testing playlist 4975
Found 1 tracks out of 3
Testing playlist 3645
Found 0 tracks out of 1
Testing playlist 4976
Found 1 tracks out of 2
Testing playlist 3646
Found 1 tracks out of 2
Testing playlist 4977
Found 0 tracks out of 4
Testing playlist 2319
Found 0 tracks out of 1
Testing playlist 3647
Found 1 tracks out of 5
Testing playlist 4978
Found 7 tracks out of 8
Testing playlist 2318
Found 10 tracks out of 22
Testing playlist 3648
Found 2 tracks out of 3
Testing playlist 4979
Testing playlist 4990
Found 2 tracks out of 5
Testing playlist 3660
Found 2 tracks out of 2
Testing playlist 4991
Found 1 tracks out of 1
Testing playlist 3661
Found 7 tracks out of 15
Testing playlist 4992
Found 0 tracks out of 2
Testing playlist 3662
Found 5 tracks out of 7
Testing playlist 4993
Found 0 tracks out of 4
Testing playlist 1000
Found 7 tracks out of 9
Testing playlist 2331
Found 5 tracks out of 12
Testing playlist 2330
Found 1 tracks out of 1
Testing playlist 2328
Found 1 tracks out of 3
Testing playlist 2327
Found 8 tracks out of 14
Testing playlist 2326
Found 7 tracks out of 8
Testing playlist 2325
Found 2 tracks out of 7
Testing playlist 2324
Found 1 tracks out of 2
Testing playlist 2323
Found 4 tracks out of 4
Testing playlist 2322
Found 10 tracks out of 11
Testing playlist 2321
Found 2 tracks out of 3
Testing playlist 3652
Found 1 tracks out of 2
Testing playlist 4983
Found 4 tracks out of 9
Testing playlist 3653
Found 3 tracks out of 3
Testing playlist 4984
Found 2 tracks out of 5
Testing playlist 3654
Found 2 tracks out of 3
Testing playlist 4985
Found 1 tracks out of 1
Testing playlist 3655
Found 3 tracks out of 3
Testing playlist 4986
Found 2 tracks out of 2
Testing playlist 3656
Testing playlist 4987
Found 1 tracks out of 4
Testing playlist 3657
Found 0 tracks out of 1
Testing playlist 4988
Found 0 tracks out of 7
Testing playlist 3658
Found 5 tracks out of 10
Testing playlist 4989
Found 3 tracks out of 4
Testing playlist 2329
Found 9 tracks out of 14
Testing playlist 3659
Found 1 tracks out of 3
Testing playlist 3670
Found 1 tracks out of 2
Testing playlist 3671
Found 3 tracks out of 5
Testing playlist 3672
Found 21 tracks out of 22
Testing playlist 3673
Found 0 tracks out of 1
Testing playlist 1011
Found 2 tracks out of 8
Testing playlist 2342
Found 7 tracks out of 12
Testing playlist 1010
Found 3 tracks out of 6
Testing playlist 2341
Found 5 tracks out of 7
Testing playlist 2340
Found 1 tracks out of 10
Testing playlist 1008
Found 0 tracks out of 5
Testing playlist 2339
Found 1 tracks out of 8
Testing playlist 1007
Found 2 tracks out of 4
Testing playlist 2338
Testing playlist 1006
Found 1 tracks out of 6
Testing playlist 2337
Testing playlist 1005
Found 1 tracks out of 2
Testing playlist 2336
Found 11 tracks out of 19
Testing playlist 1004
Found 2 tracks out of 8
Testing playlist 2335
Found 8 tracks out of 9
Testing playlist 1003
Found 7 tracks out of 19
Testing playlist 2334
Found 3 tracks out of 3
Testing playlist 1002
Found 1 tracks out of 1
Testing playlist 2333
Found 2 tracks out of 2
Testing playlist 1001
Found 2 tracks out of 2
Testing playlist 2332
Found 5 tracks out of 8
Testing playlist 3663
Found 2 tracks out of 7
Testing playlist 4994
Found 8 tracks out of 12
Testing playlist 3664
Testing playlist 4995
Found 0 tracks out of 1
Testing playlist 3665
Found 4 tracks out of 8
Testing playlist 4996
Found 3 tracks out of 4
Testing playlist 3666
Found 0 tracks out of 5
Testing playlist 4997
Testing playlist 3667
Found 2 tracks out of 12
Testing playlist 4998
Found 9 tracks out of 15
Testing playlist 3668
Found 3 tracks out of 3
Testing playlist 4999
Testing playlist 3669
Found 1 tracks out of 1
Testing playlist 1009
Found 2 tracks out of 2
Testing playlist 3680
Found 2 tracks out of 4
Testing playlist 3681
Found 13 tracks out of 17
Testing playlist 3682
Found 2 tracks out of 3
Testing playlist 3683
Found 4 tracks out of 13
Testing playlist 3684
Found 2 tracks out of 6
Testing playlist 1022
Found 0 tracks out of 2
Testing playlist 2353
Found 2 tracks out of 2
Testing playlist 1021
Found 5 tracks out of 6
Testing playlist 2352
Found 6 tracks out of 7
Testing playlist 1020
Testing playlist 2351
Found 2 tracks out of 2
Testing playlist 2350
Testing playlist 1019
Found 2 tracks out of 4
Testing playlist 1018
Found 6 tracks out of 11
Testing playlist 2349
Testing playlist 1017
Found 1 tracks out of 1
Testing playlist 2348
Found 4 tracks out of 4
Testing playlist 1016
Found 11 tracks out of 15
Testing playlist 2347
Found 1 tracks out of 2
Testing playlist 1015
Found 0 tracks out of 1
Testing playlist 2346
Found 5 tracks out of 9
Testing playlist 1014
Found 3 tracks out of 7
Testing playlist 2345
Found 7 tracks out of 7
Testing playlist 1013
Found 4 tracks out of 6
Testing playlist 2344
Found 1 tracks out of 1
Testing playlist 1012
Found 1 tracks out of 1
Testing playlist 2343
Found 0 tracks out of 1
Testing playlist 3674
Found 5 tracks out of 6
Testing playlist 3675
Found 1 tracks out of 1
Testing playlist 3676
Found 1 tracks out of 2
Testing playlist 3677
Testing playlist 3678
Found 4 tracks out of 4
Testing playlist 3679
Found 9 tracks out of 18
Testing playlist 3690
Found 2 tracks out of 4
Testing playlist 3691
Testing playlist 3692
Found 1 tracks out of 3
Testing playlist 3693
Found 2 tracks out of 12
Testing playlist 3694
Found 1 tracks out of 1
Testing playlist 3695
Found 1 tracks out of 2
Testing playlist 1033
Found 5 tracks out of 5
Testing playlist 2364
Found 1 tracks out of 4
Testing playlist 1032
Found 0 tracks out of 2
Testing playlist 2363
Found 6 tracks out of 6
Testing playlist 1031
Found 1 tracks out of 1
Testing playlist 2362
Found 1 tracks out of 1
Testing playlist 1030
Found 3 tracks out of 3
Testing playlist 2361
Found 3 tracks out of 3
Testing playlist 2360
Found 0 tracks out of 1
Testing playlist 1029
Testing playlist 1028
Found 9 tracks out of 14
Testing playlist 2359
Found 2 tracks out of 5
Testing playlist 1027
Found 2 tracks out of 2
Testing playlist 2358
Found 0 tracks out of 2
Testing playlist 1026
Testing playlist 2357
Found 3 tracks out of 3
Testing playlist 1025
Found 8 tracks out of 19
Testing playlist 2356
Found 1 tracks out of 1
Testing playlist 1024
Testing playlist 2355
Found 7 tracks out of 10
Testing playlist 1023
Found 2 tracks out of 3
Testing playlist 2354
Found 3 tracks out of 5
Testing playlist 3685
Found 1 tracks out of 4
Testing playlist 3686
Testing playlist 3687
Testing playlist 3688
Found 19 tracks out of 23
Testing playlist 3689
Found 3 tracks out of 3
Testing playlist 5400
Found 5 tracks out of 5
Testing playlist 1044
Found 2 tracks out of 4
Testing playlist 2375
Found 5 tracks out of 5
Testing playlist 1043
Found 3 tracks out of 3
Testing playlist 2374
Found 0 tracks out of 3
Testing playlist 1042
Found 7 tracks out of 11
Testing playlist 2373
Found 4 tracks out of 13
Testing playlist 1041
Testing playlist 2372
Found 1 tracks out of 2
Testing playlist 1040
Found 1 tracks out of 1
Testing playlist 2371
Found 2 tracks out of 4
Testing playlist 2370
Found 1 tracks out of 1
Testing playlist 1039
Found 9 tracks out of 10
Testing playlist 1038
Found 1 tracks out of 1
Testing playlist 2369
Found 7 tracks out of 10
Testing playlist 1037
Found 3 tracks out of 6
Testing playlist 2368
Found 0 tracks out of 3
Testing playlist 1036
Found 2 tracks out of 3
Testing playlist 2367
Found 5 tracks out of 5
Testing playlist 1035
Found 3 tracks out of 7
Testing playlist 2366
Found 4 tracks out of 7
Testing playlist 1034
Found 1 tracks out of 1
Testing playlist 2365
Found 7 tracks out of 14
Testing playlist 3696
Found 4 tracks out of 6
Testing playlist 3697
Found 5 tracks out of 5
Testing playlist 3698
Found 1 tracks out of 4
Testing playlist 3699
Found 0 tracks out of 1
Testing playlist 5410
Found 0 tracks out of 1
Testing playlist 5411
Found 1 tracks out of 2
Testing playlist 1055
Found 0 tracks out of 3
Testing playlist 2386
Found 0 tracks out of 1
Testing playlist 1054
Found 4 tracks out of 9
Testing playlist 2385
Found 3 tracks out of 5
Testing playlist 1053
Found 0 tracks out of 1
Testing playlist 2384
Found 3 tracks out of 8
Testing playlist 1052
Found 2 tracks out of 7
Testing playlist 2383
Found 1 tracks out of 1
Testing playlist 1051
Found 2 tracks out of 2
Testing playlist 2382
Found 4 tracks out of 4
Testing playlist 1050
Found 1 tracks out of 1
Testing playlist 2381
Found 1 tracks out of 1
Testing playlist 2380
Found 0 tracks out of 1
Testing playlist 5409
Found 0 tracks out of 1
Testing playlist 1049
Found 0 tracks out of 5
Testing playlist 1048
Found 3 tracks out of 3
Testing playlist 2379
Found 3 tracks out of 3
Testing playlist 1047
Found 3 tracks out of 7
Testing playlist 2378
Found 8 tracks out of 9
Testing playlist 1046
Found 0 tracks out of 1
Testing playlist 2377
Found 3 tracks out of 4
Testing playlist 1045
Found 3 tracks out of 10
Testing playlist 2376
Found 1 tracks out of 1
Testing playlist 5401
Found 13 tracks out of 16
Testing playlist 5402
Found 3 tracks out of 7
Testing playlist 5403
Found 2 tracks out of 2
Testing playlist 5404
Found 6 tracks out of 10
Testing playlist 5405
Found 1 tracks out of 4
Testing playlist 5406
Found 2 tracks out of 2
Testing playlist 5407
Found 10 tracks out of 11
Testing playlist 5408
Found 1 tracks out of 2
Testing playlist 5420
Found 1 tracks out of 3
Testing playlist 5421
Found 7 tracks out of 8
Testing playlist 5422
Found 2 tracks out of 3
Testing playlist 1066
Found 1 tracks out of 1
Testing playlist 2397
Testing playlist 1065
Found 2 tracks out of 2
Testing playlist 2396
Found 1 tracks out of 1
Testing playlist 1064
Found 5 tracks out of 14
Testing playlist 2395
Found 3 tracks out of 4
Testing playlist 1063
Found 8 tracks out of 12
Testing playlist 2394
Found 1 tracks out of 1
Testing playlist 1062
Found 1 tracks out of 3
Testing playlist 2393
Found 0 tracks out of 2
Testing playlist 1061
Found 0 tracks out of 3
Testing playlist 2392
Found 1 tracks out of 1
Testing playlist 1060
Testing playlist 2391
Found 2 tracks out of 7
Testing playlist 2390
Found 12 tracks out of 18
Testing playlist 1059
Found 5 tracks out of 14
Testing playlist 1058
Found 0 tracks out of 1
Testing playlist 2389
Found 1 tracks out of 2
Testing playlist 1057
Found 2 tracks out of 6
Testing playlist 2388
Found 1 tracks out of 2
Testing playlist 1056
Found 3 tracks out of 13
Testing playlist 2387
Found 3 tracks out of 4
Testing playlist 5412
Found 6 tracks out of 12
Testing playlist 5413
Found 6 tracks out of 19
Testing playlist 5414
Found 2 tracks out of 4
Testing playlist 5415
Found 1 tracks out of 1
Testing playlist 5416
Found 1 tracks out of 1
Testing playlist 5417
Found 3 tracks out of 3
Testing playlist 5418
Testing playlist 5419
Found 3 tracks out of 4
Testing playlist 5430
Found 0 tracks out of 1
Testing playlist 4100
Testing playlist 5431
Found 6 tracks out of 6
Testing playlist 4101
Found 0 tracks out of 4
Testing playlist 5432
Found 4 tracks out of 5
Testing playlist 4102
Found 1 tracks out of 4
Testing playlist 5433
Found 4 tracks out of 8
Testing playlist 1077
Found 1 tracks out of 1
Testing playlist 1076
Found 2 tracks out of 2
Testing playlist 1075
Found 2 tracks out of 2
Testing playlist 1074
Found 2 tracks out of 2
Testing playlist 1073
Found 5 tracks out of 11
Testing playlist 1072
Found 9 tracks out of 16
Testing playlist 1071
Found 2 tracks out of 4
Testing playlist 1070
Found 7 tracks out of 16
Testing playlist 1069
Found 5 tracks out of 12
Testing playlist 1068
Found 0 tracks out of 1
Testing playlist 2399
Found 6 tracks out of 8
Testing playlist 1067
Found 6 tracks out of 7
Testing playlist 2398
Found 5 tracks out of 11
Testing playlist 5423
Found 12 tracks out of 12
Testing playlist 5424
Found 7 tracks out of 9
Testing playlist 5425
Found 1 tracks out of 7
Testing playlist 5426
Found 2 tracks out of 3
Testing playlist 5427
Found 2 tracks out of 5
Testing playlist 5428
Found 1 tracks out of 1
Testing playlist 5429
Found 5 tracks out of 19
Testing playlist 1080
Found 1 tracks out of 2
Testing playlist 5440
Found 7 tracks out of 14
Testing playlist 4110
Found 0 tracks out of 1
Testing playlist 5441
Found 3 tracks out of 4
Testing playlist 4111
Found 1 tracks out of 2
Testing playlist 5442
Found 7 tracks out of 17
Testing playlist 4112
Found 5 tracks out of 8
Testing playlist 5443
Found 2 tracks out of 7
Testing playlist 4113
Found 13 tracks out of 17
Testing playlist 5444
Found 3 tracks out of 3
Testing playlist 1088
Found 1 tracks out of 1
Testing playlist 1087
Found 3 tracks out of 7
Testing playlist 1086
Found 1 tracks out of 1
Testing playlist 1085
Found 1 tracks out of 1
Testing playlist 1084
Found 6 tracks out of 10
Testing playlist 1083
Found 5 tracks out of 5
Testing playlist 1082
Found 1 tracks out of 1
Testing playlist 1081
Found 1 tracks out of 1
Testing playlist 1079
Testing playlist 1078
Found 2 tracks out of 4
Testing playlist 4103
Found 1 tracks out of 1
Testing playlist 5434
Found 0 tracks out of 2
Testing playlist 4104
Found 0 tracks out of 1
Testing playlist 5435
Found 1 tracks out of 3
Testing playlist 4105
Found 7 tracks out of 8
Testing playlist 5436
Found 4 tracks out of 8
Testing playlist 4106
Found 1 tracks out of 1
Testing playlist 5437
Found 4 tracks out of 9
Testing playlist 4107
Found 1 tracks out of 1
Testing playlist 5438
Found 1 tracks out of 3
Testing playlist 4108
Found 0 tracks out of 2
Testing playlist 5439
Found 1 tracks out of 1
Testing playlist 4109
Found 3 tracks out of 3
Testing playlist 1091
Found 1 tracks out of 4
Testing playlist 1090
Found 0 tracks out of 2
Testing playlist 5450
Found 6 tracks out of 6
Testing playlist 4120
Found 2 tracks out of 3
Testing playlist 5451
Found 1 tracks out of 2
Testing playlist 4121
Found 0 tracks out of 1
Testing playlist 5452
Found 3 tracks out of 3
Testing playlist 4122
Found 4 tracks out of 8
Testing playlist 5453
Found 1 tracks out of 5
Testing playlist 4123
Found 0 tracks out of 1
Testing playlist 5454
Testing playlist 4124
Found 1 tracks out of 1
Testing playlist 5455
Found 1 tracks out of 3
Testing playlist 1099
Found 3 tracks out of 5
Testing playlist 1098
Found 1 tracks out of 1
Testing playlist 1097
Found 2 tracks out of 2
Testing playlist 1096
Found 16 tracks out of 17
Testing playlist 1095
Found 3 tracks out of 6
Testing playlist 1094
Found 5 tracks out of 7
Testing playlist 1093
Found 1 tracks out of 2
Testing playlist 1092
Found 3 tracks out of 3
Testing playlist 1089
Found 0 tracks out of 2
Testing playlist 4114
Found 1 tracks out of 1
Testing playlist 5445
Found 0 tracks out of 2
Testing playlist 4115
Found 2 tracks out of 2
Testing playlist 5446
Found 1 tracks out of 8
Testing playlist 4116
Found 1 tracks out of 2
Testing playlist 5447
Found 2 tracks out of 3
Testing playlist 4117
Found 5 tracks out of 8
Testing playlist 5448
Found 3 tracks out of 4
Testing playlist 4118
Found 1 tracks out of 3
Testing playlist 5449
Found 2 tracks out of 7
Testing playlist 4119
Found 3 tracks out of 12
Testing playlist 5460
Found 4 tracks out of 6
Testing playlist 4130
Found 1 tracks out of 15
Testing playlist 5461
Found 2 tracks out of 6
Testing playlist 4131
Found 2 tracks out of 12
Testing playlist 5462
Found 2 tracks out of 2
Testing playlist 4132
Found 0 tracks out of 1
Testing playlist 5463
Found 10 tracks out of 12
Testing playlist 4133
Found 3 tracks out of 6
Testing playlist 5464
Found 7 tracks out of 8
Testing playlist 4134
Found 3 tracks out of 5
Testing playlist 5465
Found 0 tracks out of 3
Testing playlist 4135
