WARNING: An illegal reflective access operation has occurred
WARNING: Illegal reflective access by com.google.inject.internal.cglib.core.$ReflectUtils$1 (file:/usr/share/maven/lib/guice.jar) to method java.lang.ClassLoader.defineClass(java.lang.String,byte[],int,int,java.security.ProtectionDomain)
WARNING: Please consider reporting this to the maintainers of com.google.inject.internal.cglib.core.$ReflectUtils$1
WARNING: Use --illegal-access=warn to enable warnings of further illegal reflective access operations
WARNING: All illegal access operations will be denied in a future release
[INFO] Scanning for projects...
[WARNING] 
[WARNING] Some problems were encountered while building the effective model for Spotify-Recsys-2018:Spotify-Recsys-2018:jar:0.0.1-SNAPSHOT
[WARNING] 'build.plugins.plugin.version' for org.codehaus.mojo:exec-maven-plugin is missing. @ line 26, column 12
[WARNING] 
[WARNING] It is highly recommended to fix these problems because they threaten the stability of your build.
[WARNING] 
[WARNING] For this reason, future Maven versions might no longer support building such malformed projects.
[WARNING] 
[INFO]                                                                         
[INFO] ------------------------------------------------------------------------
[INFO] Building Spotify-Recsys-2018 0.0.1-SNAPSHOT
[INFO] ------------------------------------------------------------------------
[INFO] 
[INFO] --- exec-maven-plugin:1.6.0:java (default-cli) @ Spotify-Recsys-2018 ---
Number of Playlists: 6000
Number of unique train tracks: 115184
Training completed in 0 secs
Testing playlist 4970
Found 0 tracks out of 2
Testing playlist 3640
Found 4 tracks out of 8
Testing playlist 4971
Found 1 tracks out of 2
Testing playlist 2306
Found 5 tracks out of 5
Testing playlist 3638
Found 0 tracks out of 1
Testing playlist 4969
Found 6 tracks out of 7
Testing playlist 2305
Found 4 tracks out of 5
Testing playlist 3639
Found 2 tracks out of 2
Testing playlist 2304
Found 14 tracks out of 19
Testing playlist 2303
Found 1 tracks out of 2
Testing playlist 2302
Found 6 tracks out of 7
Testing playlist 2301
Found 0 tracks out of 1
Testing playlist 2300
Found 3 tracks out of 6
Testing playlist 3630
Found 8 tracks out of 8
Testing playlist 4961
Found 1 tracks out of 2
Testing playlist 3631
Found 1 tracks out of 2
Testing playlist 4962
Found 1 tracks out of 2
Testing playlist 3632
Found 1 tracks out of 1
Testing playlist 4963
Found 1 tracks out of 1
Testing playlist 3633
Found 5 tracks out of 6
Testing playlist 4964
Found 1 tracks out of 1
Testing playlist 3634
Found 1 tracks out of 1
Testing playlist 4965
Testing playlist 2309
Found 6 tracks out of 7
Testing playlist 3635
Found 8 tracks out of 14
Testing playlist 4966
Found 2 tracks out of 3
Testing playlist 2308
Found 6 tracks out of 7
Testing playlist 3636
Testing playlist 4967
Found 7 tracks out of 13
Testing playlist 2307
Found 4 tracks out of 4
Testing playlist 3637
Found 3 tracks out of 3
Testing playlist 4968
Found 1 tracks out of 1
Testing playlist 4980
Found 0 tracks out of 1
Testing playlist 3650
Found 11 tracks out of 12
Testing playlist 4981
Testing playlist 3651
Found 3 tracks out of 3
Testing playlist 4982
Found 1 tracks out of 1
Testing playlist 2320
Found 8 tracks out of 8
Testing playlist 0
Found 5 tracks out of 5
Testing playlist 2317
Found 5 tracks out of 6
Testing playlist 3649
Found 0 tracks out of 1
Testing playlist 1
Found 0 tracks out of 1
Testing playlist 2316
Found 1 tracks out of 2
Testing playlist 2
Found 2 tracks out of 3
Testing playlist 2315
Found 6 tracks out of 9
Testing playlist 3
Found 0 tracks out of 5
Testing playlist 2314
Found 3 tracks out of 6
Testing playlist 4
Found 0 tracks out of 1
Testing playlist 2313
Found 2 tracks out of 2
Testing playlist 5
Found 8 tracks out of 8
Testing playlist 2312
Found 6 tracks out of 8
Testing playlist 6
Found 1 tracks out of 1
Testing playlist 2311
Found 5 tracks out of 5
Testing playlist 7
Found 1 tracks out of 2
Testing playlist 2310
Found 2 tracks out of 4
Testing playlist 8
Found 1 tracks out of 4
Testing playlist 3641
Found 1 tracks out of 1
Testing playlist 4972
Found 3 tracks out of 3
Testing playlist 9
Found 1 tracks out of 1
Testing playlist 3642
Found 0 tracks out of 1
Testing playlist 4973
Found 0 tracks out of 1
Testing playlist 3643
Found 1 tracks out of 1
Testing playlist 4974
Found 13 tracks out of 20
Testing playlist 3644
Found 7 tracks out of 7
Testing playlist 4975
Found 0 tracks out of 4
Testing playlist 3645
Found 0 tracks out of 1
Testing playlist 4976
Found 2 tracks out of 2
Testing playlist 3646
Found 0 tracks out of 1
Testing playlist 4977
Found 3 tracks out of 4
Testing playlist 2319
Found 0 tracks out of 1
Testing playlist 3647
Found 1 tracks out of 5
Testing playlist 4978
Found 7 tracks out of 7
Testing playlist 2318
Found 17 tracks out of 23
Testing playlist 3648
Found 0 tracks out of 2
Testing playlist 4979
Testing playlist 4990
Found 2 tracks out of 4
Testing playlist 3660
Testing playlist 4991
Found 1 tracks out of 1
Testing playlist 3661
Found 7 tracks out of 15
Testing playlist 4992
Found 1 tracks out of 3
Testing playlist 3662
Found 5 tracks out of 7
Testing playlist 4993
Found 1 tracks out of 3
Testing playlist 1000
Found 6 tracks out of 8
Testing playlist 2331
Found 4 tracks out of 11
Testing playlist 2330
Found 0 tracks out of 1
Testing playlist 2328
Found 1 tracks out of 3
Testing playlist 2327
Found 6 tracks out of 14
Testing playlist 2326
Found 4 tracks out of 10
Testing playlist 2325
Found 3 tracks out of 5
Testing playlist 2324
Found 2 tracks out of 8
Testing playlist 2323
Found 6 tracks out of 7
Testing playlist 2322
Found 10 tracks out of 11
Testing playlist 2321
Found 1 tracks out of 5
Testing playlist 3652
Found 1 tracks out of 2
Testing playlist 4983
Found 3 tracks out of 8
Testing playlist 3653
Found 2 tracks out of 3
Testing playlist 4984
Found 4 tracks out of 7
Testing playlist 3654
Found 2 tracks out of 3
Testing playlist 4985
Found 0 tracks out of 2
Testing playlist 3655
Found 5 tracks out of 5
Testing playlist 4986
Found 1 tracks out of 2
Testing playlist 3656
Testing playlist 4987
Found 4 tracks out of 4
Testing playlist 3657
Found 1 tracks out of 1
Testing playlist 4988
Found 5 tracks out of 7
Testing playlist 3658
Found 8 tracks out of 11
Testing playlist 4989
Found 2 tracks out of 4
Testing playlist 2329
Found 6 tracks out of 10
Testing playlist 3659
Found 1 tracks out of 3
Testing playlist 3670
Found 0 tracks out of 1
Testing playlist 3671
Found 3 tracks out of 5
Testing playlist 3672
Found 21 tracks out of 22
Testing playlist 3673
Found 0 tracks out of 1
Testing playlist 1011
Found 5 tracks out of 7
Testing playlist 2342
Found 5 tracks out of 12
Testing playlist 1010
Found 6 tracks out of 7
Testing playlist 2341
Found 3 tracks out of 6
Testing playlist 2340
Found 1 tracks out of 8
Testing playlist 1008
Found 0 tracks out of 2
Testing playlist 2339
Found 0 tracks out of 4
Testing playlist 1007
Found 3 tracks out of 4
Testing playlist 2338
Testing playlist 1006
Found 7 tracks out of 8
Testing playlist 2337
Testing playlist 1005
Found 2 tracks out of 2
Testing playlist 2336
Found 6 tracks out of 21
Testing playlist 1004
Found 3 tracks out of 11
Testing playlist 2335
Found 6 tracks out of 9
Testing playlist 1003
Found 4 tracks out of 20
Testing playlist 2334
Found 3 tracks out of 3
Testing playlist 1002
Found 0 tracks out of 1
Testing playlist 2333
Found 1 tracks out of 2
Testing playlist 1001
Found 6 tracks out of 6
Testing playlist 2332
Found 7 tracks out of 10
Testing playlist 3663
Found 2 tracks out of 6
Testing playlist 4994
Found 7 tracks out of 11
Testing playlist 3664
Testing playlist 4995
Found 2 tracks out of 2
Testing playlist 3665
Found 3 tracks out of 7
Testing playlist 4996
Found 4 tracks out of 4
Testing playlist 3666
Found 0 tracks out of 7
Testing playlist 4997
Found 0 tracks out of 1
Testing playlist 3667
Found 3 tracks out of 12
Testing playlist 4998
Found 5 tracks out of 14
Testing playlist 3668
Found 3 tracks out of 3
Testing playlist 4999
Testing playlist 3669
Found 1 tracks out of 1
Testing playlist 1009
Found 3 tracks out of 3
Testing playlist 3680
Found 2 tracks out of 3
Testing playlist 3681
Found 11 tracks out of 16
Testing playlist 3682
Found 4 tracks out of 4
Testing playlist 3683
Found 9 tracks out of 14
Testing playlist 3684
Found 3 tracks out of 5
Testing playlist 1022
Found 2 tracks out of 2
Testing playlist 2353
Found 1 tracks out of 2
Testing playlist 1021
Found 2 tracks out of 3
Testing playlist 2352
Found 6 tracks out of 7
Testing playlist 1020
Testing playlist 2351
Found 2 tracks out of 2
Testing playlist 2350
Testing playlist 1019
Found 3 tracks out of 4
Testing playlist 1018
Found 7 tracks out of 11
Testing playlist 2349
Found 0 tracks out of 2
Testing playlist 1017
Found 0 tracks out of 1
Testing playlist 2348
Found 3 tracks out of 4
Testing playlist 1016
Found 16 tracks out of 17
Testing playlist 2347
Found 2 tracks out of 3
Testing playlist 1015
Found 0 tracks out of 2
Testing playlist 2346
Found 6 tracks out of 7
Testing playlist 1014
Found 3 tracks out of 8
Testing playlist 2345
Found 3 tracks out of 3
Testing playlist 1013
Found 4 tracks out of 6
Testing playlist 2344
Found 1 tracks out of 1
Testing playlist 1012
Found 1 tracks out of 1
Testing playlist 2343
Found 0 tracks out of 1
Testing playlist 3674
Found 4 tracks out of 6
Testing playlist 3675
Found 1 tracks out of 1
Testing playlist 3676
Found 3 tracks out of 3
Testing playlist 3677
Testing playlist 3678
Found 5 tracks out of 5
Testing playlist 3679
Found 14 tracks out of 18
Testing playlist 3690
Found 3 tracks out of 4
Testing playlist 3691
Testing playlist 3692
Found 0 tracks out of 4
Testing playlist 3693
Found 5 tracks out of 11
Testing playlist 3694
Found 1 tracks out of 1
Testing playlist 3695
Found 1 tracks out of 1
Testing playlist 1033
Found 3 tracks out of 3
Testing playlist 2364
Found 4 tracks out of 6
Testing playlist 1032
Found 1 tracks out of 2
Testing playlist 2363
Found 4 tracks out of 6
Testing playlist 1031
Found 1 tracks out of 1
Testing playlist 2362
Found 1 tracks out of 1
Testing playlist 1030
Found 2 tracks out of 2
Testing playlist 2361
Found 2 tracks out of 2
Testing playlist 2360
Testing playlist 1029
Testing playlist 1028
Found 6 tracks out of 14
Testing playlist 2359
Found 0 tracks out of 4
Testing playlist 1027
Found 1 tracks out of 2
Testing playlist 2358
Found 4 tracks out of 5
Testing playlist 1026
Testing playlist 2357
Found 2 tracks out of 3
Testing playlist 1025
Found 16 tracks out of 18
Testing playlist 2356
Found 2 tracks out of 2
Testing playlist 1024
Found 0 tracks out of 1
Testing playlist 2355
Found 8 tracks out of 10
Testing playlist 1023
Found 1 tracks out of 3
Testing playlist 2354
Found 3 tracks out of 4
Testing playlist 3685
Found 3 tracks out of 5
Testing playlist 3686
Found 0 tracks out of 1
Testing playlist 3687
Found 0 tracks out of 2
Testing playlist 3688
Found 21 tracks out of 23
Testing playlist 3689
Found 3 tracks out of 3
Testing playlist 5400
Found 5 tracks out of 6
Testing playlist 1044
Found 2 tracks out of 4
Testing playlist 2375
Found 5 tracks out of 5
Testing playlist 1043
Found 2 tracks out of 3
Testing playlist 2374
Found 0 tracks out of 2
Testing playlist 1042
Found 11 tracks out of 12
Testing playlist 2373
Found 5 tracks out of 12
Testing playlist 1041
Testing playlist 2372
Found 1 tracks out of 1
Testing playlist 1040
Found 1 tracks out of 1
Testing playlist 2371
Found 4 tracks out of 4
Testing playlist 2370
Testing playlist 1039
Found 7 tracks out of 8
Testing playlist 1038
Found 0 tracks out of 1
Testing playlist 2369
Found 10 tracks out of 10
Testing playlist 1037
Found 3 tracks out of 7
Testing playlist 2368
Found 0 tracks out of 2
Testing playlist 1036
Found 3 tracks out of 3
Testing playlist 2367
Found 5 tracks out of 6
Testing playlist 1035
Found 3 tracks out of 3
Testing playlist 2366
Found 6 tracks out of 9
Testing playlist 1034
Found 0 tracks out of 1
Testing playlist 2365
Found 4 tracks out of 13
Testing playlist 3696
Found 4 tracks out of 5
Testing playlist 3697
Found 5 tracks out of 5
Testing playlist 3698
Found 1 tracks out of 5
Testing playlist 3699
Found 0 tracks out of 1
Testing playlist 5410
Found 0 tracks out of 1
Testing playlist 5411
Found 0 tracks out of 1
Testing playlist 1055
Found 2 tracks out of 2
Testing playlist 2386
Found 0 tracks out of 1
Testing playlist 1054
Found 7 tracks out of 9
Testing playlist 2385
Found 3 tracks out of 5
Testing playlist 1053
Found 3 tracks out of 3
Testing playlist 2384
Found 3 tracks out of 8
Testing playlist 1052
Found 2 tracks out of 3
Testing playlist 2383
Found 0 tracks out of 1
Testing playlist 1051
Found 1 tracks out of 1
Testing playlist 2382
Found 3 tracks out of 4
Testing playlist 1050
Found 2 tracks out of 2
Testing playlist 2381
Found 1 tracks out of 1
Testing playlist 2380
Found 0 tracks out of 1
Testing playlist 5409
Found 1 tracks out of 2
Testing playlist 1049
Found 0 tracks out of 2
Testing playlist 1048
Found 3 tracks out of 3
Testing playlist 2379
Found 4 tracks out of 4
Testing playlist 1047
Found 2 tracks out of 7
Testing playlist 2378
Found 9 tracks out of 10
Testing playlist 1046
Found 0 tracks out of 1
Testing playlist 2377
Found 4 tracks out of 4
Testing playlist 1045
Found 4 tracks out of 8
Testing playlist 2376
Found 1 tracks out of 1
Testing playlist 5401
Found 12 tracks out of 16
Testing playlist 5402
Found 8 tracks out of 9
Testing playlist 5403
Found 1 tracks out of 3
Testing playlist 5404
Found 6 tracks out of 10
Testing playlist 5405
Found 3 tracks out of 4
Testing playlist 5406
Found 2 tracks out of 2
Testing playlist 5407
Found 11 tracks out of 11
Testing playlist 5408
Found 2 tracks out of 2
Testing playlist 5420
Found 2 tracks out of 3
Testing playlist 5421
Found 5 tracks out of 8
Testing playlist 5422
Found 1 tracks out of 2
Testing playlist 1066
Found 1 tracks out of 1
Testing playlist 2397
Found 1 tracks out of 1
Testing playlist 1065
Found 2 tracks out of 2
Testing playlist 2396
Found 0 tracks out of 2
Testing playlist 1064
Found 7 tracks out of 15
Testing playlist 2395
Found 2 tracks out of 4
Testing playlist 1063
Found 6 tracks out of 10
Testing playlist 2394
Found 1 tracks out of 1
Testing playlist 1062
Found 3 tracks out of 4
Testing playlist 2393
Found 2 tracks out of 3
Testing playlist 1061
Found 1 tracks out of 3
Testing playlist 2392
Found 1 tracks out of 1
Testing playlist 1060
Found 1 tracks out of 1
Testing playlist 2391
Found 4 tracks out of 5
Testing playlist 2390
Found 14 tracks out of 19
Testing playlist 1059
Found 10 tracks out of 16
Testing playlist 1058
Testing playlist 2389
Found 2 tracks out of 2
Testing playlist 1057
Found 3 tracks out of 6
Testing playlist 2388
Found 1 tracks out of 2
Testing playlist 1056
Found 9 tracks out of 10
Testing playlist 2387
Found 0 tracks out of 2
Testing playlist 5412
Found 5 tracks out of 10
Testing playlist 5413
Found 4 tracks out of 19
Testing playlist 5414
Found 3 tracks out of 5
Testing playlist 5415
Found 0 tracks out of 1
Testing playlist 5416
Found 0 tracks out of 1
Testing playlist 5417
Found 3 tracks out of 3
Testing playlist 5418
Found 1 tracks out of 1
Testing playlist 5419
Found 4 tracks out of 4
Testing playlist 5430
Testing playlist 4100
Found 0 tracks out of 1
Testing playlist 5431
Found 5 tracks out of 6
Testing playlist 4101
Found 1 tracks out of 3
Testing playlist 5432
Found 4 tracks out of 4
Testing playlist 4102
Found 0 tracks out of 6
Testing playlist 5433
Found 8 tracks out of 8
Testing playlist 1077
Found 1 tracks out of 1
Testing playlist 1076
Found 2 tracks out of 2
Testing playlist 1075
Found 1 tracks out of 2
Testing playlist 1074
Found 0 tracks out of 1
Testing playlist 1073
Found 3 tracks out of 12
Testing playlist 1072
Found 7 tracks out of 13
Testing playlist 1071
Found 2 tracks out of 3
Testing playlist 1070
Found 12 tracks out of 18
Testing playlist 1069
Found 7 tracks out of 13
Testing playlist 1068
Testing playlist 2399
Found 4 tracks out of 7
Testing playlist 1067
Found 7 tracks out of 8
Testing playlist 2398
Found 5 tracks out of 8
Testing playlist 5423
Found 12 tracks out of 12
Testing playlist 5424
Found 9 tracks out of 11
Testing playlist 5425
Found 1 tracks out of 5
Testing playlist 5426
Found 3 tracks out of 3
Testing playlist 5427
Found 2 tracks out of 5
Testing playlist 5428
Found 0 tracks out of 1
Testing playlist 5429
Found 2 tracks out of 17
Testing playlist 1080
Found 1 tracks out of 1
Testing playlist 5440
Found 14 tracks out of 15
Testing playlist 4110
Found 1 tracks out of 1
Testing playlist 5441
Found 3 tracks out of 3
Testing playlist 4111
Found 3 tracks out of 3
Testing playlist 5442
Found 9 tracks out of 18
Testing playlist 4112
Found 5 tracks out of 7
Testing playlist 5443
Found 5 tracks out of 7
Testing playlist 4113
Found 12 tracks out of 17
Testing playlist 5444
Found 1 tracks out of 2
Testing playlist 1088
Found 0 tracks out of 1
Testing playlist 1087
Found 4 tracks out of 7
Testing playlist 1086
Found 1 tracks out of 1
Testing playlist 1085
Found 0 tracks out of 1
Testing playlist 1084
Found 9 tracks out of 13
Testing playlist 1083
Found 1 tracks out of 4
Testing playlist 1082
Found 1 tracks out of 1
Testing playlist 1081
Found 1 tracks out of 1
Testing playlist 1079
Testing playlist 1078
Found 1 tracks out of 3
Testing playlist 4103
Found 0 tracks out of 1
Testing playlist 5434
Found 0 tracks out of 1
Testing playlist 4104
Found 0 tracks out of 1
Testing playlist 5435
Found 1 tracks out of 2
Testing playlist 4105
Found 6 tracks out of 8
Testing playlist 5436
Found 4 tracks out of 7
Testing playlist 4106
Found 1 tracks out of 1
Testing playlist 5437
Found 1 tracks out of 6
Testing playlist 4107
Testing playlist 5438
Found 3 tracks out of 3
Testing playlist 4108
Found 0 tracks out of 2
Testing playlist 5439
Found 1 tracks out of 1
Testing playlist 4109
Found 3 tracks out of 3
Testing playlist 1091
Found 2 tracks out of 3
Testing playlist 1090
Found 2 tracks out of 3
Testing playlist 5450
Found 6 tracks out of 6
Testing playlist 4120
Found 3 tracks out of 3
Testing playlist 5451
Testing playlist 4121
Found 2 tracks out of 3
Testing playlist 5452
Found 3 tracks out of 3
Testing playlist 4122
Found 2 tracks out of 8
Testing playlist 5453
Found 3 tracks out of 6
Testing playlist 4123
Found 1 tracks out of 1
Testing playlist 5454
Found 1 tracks out of 1
Testing playlist 4124
Found 1 tracks out of 1
Testing playlist 5455
Found 2 tracks out of 3
Testing playlist 1099
Found 2 tracks out of 5
Testing playlist 1098
Found 1 tracks out of 2
Testing playlist 1097
Found 2 tracks out of 2
Testing playlist 1096
Found 15 tracks out of 16
Testing playlist 1095
Found 6 tracks out of 7
Testing playlist 1094
Found 7 tracks out of 7
Testing playlist 1093
Found 1 tracks out of 2
Testing playlist 1092
Found 2 tracks out of 3
Testing playlist 1089
Found 2 tracks out of 2
Testing playlist 4114
Found 1 tracks out of 1
Testing playlist 5445
Found 1 tracks out of 2
Testing playlist 4115
Found 0 tracks out of 2
Testing playlist 5446
Found 4 tracks out of 8
Testing playlist 4116
Found 2 tracks out of 2
Testing playlist 5447
Found 1 tracks out of 1
Testing playlist 4117
Found 4 tracks out of 9
Testing playlist 5448
Found 3 tracks out of 4
Testing playlist 4118
Found 0 tracks out of 3
Testing playlist 5449
Found 5 tracks out of 7
Testing playlist 4119
Found 9 tracks out of 13
Testing playlist 5460
Found 5 tracks out of 6
Testing playlist 4130
Found 4 tracks out of 10
Testing playlist 5461
Found 2 tracks out of 6
Testing playlist 4131
Found 7 tracks out of 10
Testing playlist 5462
Found 1 tracks out of 2
Testing playlist 4132
Found 0 tracks out of 1
Testing playlist 5463
Found 11 tracks out of 12
Testing playlist 4133
Found 5 tracks out of 10
Testing playlist 5464
Found 6 tracks out of 8
Testing playlist 4134
Found 4 tracks out of 6
Testing playlist 5465
Found 1 tracks out of 1
Testing playlist 4135
Found 2 tracks out of 2
Testing playlist 5466
Found 1 tracks out of 2
Testing playlist 4125
Found 0 tracks out of 1
Testing playlist 5456
Found 7 tracks out of 8
Testing playlist 4126
Found 3 tracks out of 9
Testing playlist 5457
Found 5 tracks out of 6
Testing playlist 4127
Found 11 tracks out of 16
Testing playlist 5458
Found 5 tracks out of 8
Testing playlist 4128
Found 5 tracks out of 10
Testing playlist 5459
Found 6 tracks out of 6
Testing playlist 4129
Found 2 tracks out of 7
Testing playlist 5470
Found 2 tracks out of 11
Testing playlist 4140
Testing playlist 5471
Found 9 tracks out of 13
Testing playlist 4141
Found 6 tracks out of 7
Testing playlist 5472
Found 5 tracks out of 8
Testing playlist 4142
Testing playlist 5473
Found 10 tracks out of 13
Testing playlist 4143
Found 6 tracks out of 6
Testing playlist 5474
Found 2 tracks out of 2
Testing playlist 4144
Found 0 tracks out of 5
Testing playlist 5475
Found 3 tracks out of 4
Testing playlist 4145
Found 9 tracks out of 12
Testing playlist 5476
Found 2 tracks out of 5
Testing playlist 4146
Found 3 tracks out of 3
Testing playlist 5477
Found 1 tracks out of 5
Testing playlist 200
Found 0 tracks out of 1
Testing playlist 201
Found 1 tracks out of 3
Testing playlist 202
Found 4 tracks out of 5
Testing playlist 203
Found 1 tracks out of 4
Testing playlist 204
Found 1 tracks out of 1
Testing playlist 205
Found 2 tracks out of 4
Testing playlist 206
Found 1 tracks out of 1
Testing playlist 4136
Found 7 tracks out of 9
Testing playlist 5467
Found 0 tracks out of 1
Testing playlist 207
Found 3 tracks out of 4
Testing playlist 4137
Found 2 tracks out of 3
Testing playlist 5468
Found 10 tracks out of 10
Testing playlist 208
Found 6 tracks out of 6
Testing playlist 4138
Found 2 tracks out of 7
Testing playlist 5469
Found 2 tracks out of 2
Testing playlist 209
Found 4 tracks out of 5
Testing playlist 4139
Found 3 tracks out of 3
Testing playlist 4150
Found 6 tracks out of 8
Testing playlist 5481
Found 1 tracks out of 1
Testing playlist 4151
Found 17 tracks out of 22
Testing playlist 5482
Found 2 tracks out of 2
Testing playlist 4152
Found 6 tracks out of 13
Testing playlist 5483
Found 2 tracks out of 2
Testing playlist 4153
Found 10 tracks out of 13
Testing playlist 5484
Found 17 tracks out of 23
Testing playlist 4154
Found 4 tracks out of 10
Testing playlist 5485
Found 2 tracks out of 5
Testing playlist 4155
Testing playlist 5486
Found 1 tracks out of 5
Testing playlist 4156
Found 1 tracks out of 4
Testing playlist 5487
Found 4 tracks out of 5
Testing playlist 4157
Found 1 tracks out of 2
Testing playlist 5488
Found 0 tracks out of 1
Testing playlist 5480
Found 6 tracks out of 8
Testing playlist 210
Found 6 tracks out of 6
Testing playlist 211
Found 6 tracks out of 7
Testing playlist 212
Found 8 tracks out of 10
Testing playlist 213
Found 1 tracks out of 1
Testing playlist 214
Found 11 tracks out of 15
Testing playlist 215
Found 2 tracks out of 4
Testing playlist 216
Found 1 tracks out of 1
Testing playlist 217
Found 8 tracks out of 12
Testing playlist 4147
Found 11 tracks out of 13
Testing playlist 5478
Found 9 tracks out of 9
Testing playlist 218
Found 5 tracks out of 8
Testing playlist 4148
Found 1 tracks out of 4
Testing playlist 5479
Found 5 tracks out of 10
Testing playlist 219
Found 0 tracks out of 1
Testing playlist 4149
Found 2 tracks out of 3
Testing playlist 4161
Found 2 tracks out of 13
Testing playlist 5492
Found 2 tracks out of 3
Testing playlist 4162
Found 3 tracks out of 4
Testing playlist 5493
Found 1 tracks out of 1
Testing playlist 4163
Found 1 tracks out of 2
Testing playlist 5494
Found 6 tracks out of 7
Testing playlist 4164
Found 3 tracks out of 3
Testing playlist 5495
Found 4 tracks out of 5
Testing playlist 4165
Found 0 tracks out of 1
Testing playlist 5496
Found 3 tracks out of 7
Testing playlist 4166
Found 1 tracks out of 1
Testing playlist 5497
Found 4 tracks out of 5
Testing playlist 4167
Found 4 tracks out of 6
Testing playlist 5498
Found 8 tracks out of 13
Testing playlist 4168
Found 2 tracks out of 5
Testing playlist 5499
Found 0 tracks out of 2
Testing playlist 5490
Found 3 tracks out of 6
Testing playlist 4160
Found 1 tracks out of 5
Testing playlist 5491
Found 1 tracks out of 1
Testing playlist 220
Found 4 tracks out of 5
Testing playlist 221
Found 1 tracks out of 1
Testing playlist 222
Found 0 tracks out of 1
Testing playlist 223
Found 8 tracks out of 10
Testing playlist 224
Found 1 tracks out of 4
Testing playlist 225
Found 6 tracks out of 8
Testing playlist 226
Found 2 tracks out of 2
Testing playlist 227
Found 2 tracks out of 5
Testing playlist 228
Found 14 tracks out of 16
Testing playlist 4158
Found 1 tracks out of 4
Testing playlist 5489
Found 4 tracks out of 4
Testing playlist 229
Testing playlist 4159
Found 1 tracks out of 1
Testing playlist 4172
Found 2 tracks out of 9
Testing playlist 4173
Found 7 tracks out of 9
Testing playlist 4174
Found 2 tracks out of 2
Testing playlist 4175
Found 11 tracks out of 17
Testing playlist 4176
Found 2 tracks out of 3
Testing playlist 4177
Found 2 tracks out of 3
Testing playlist 4178
Found 1 tracks out of 1
Testing playlist 4179
Found 6 tracks out of 9
Testing playlist 4170
Found 3 tracks out of 4
Testing playlist 230
Testing playlist 4171
Found 1 tracks out of 3
Testing playlist 231
Found 8 tracks out of 14
Testing playlist 232
Found 4 tracks out of 5
Testing playlist 233
Found 1 tracks out of 1
Testing playlist 234
Found 3 tracks out of 4
Testing playlist 235
Found 0 tracks out of 3
Testing playlist 236
Found 4 tracks out of 4
Testing playlist 237
Found 4 tracks out of 8
Testing playlist 238
Testing playlist 239
Found 7 tracks out of 11
Testing playlist 4169
Found 2 tracks out of 9
Testing playlist 4183
Found 3 tracks out of 3
Testing playlist 4184
Found 2 tracks out of 5
Testing playlist 4185
Found 4 tracks out of 4
Testing playlist 4186
Found 4 tracks out of 5
Testing playlist 4187
Found 1 tracks out of 4
Testing playlist 4188
Testing playlist 1909
